[2020-01-16 20:07:05.924] [renderer1] [error] <semantic> TypeScript Server Error (3.7.3)
Cannot read property 'parent' of undefined
TypeError: Cannot read property 'parent' of undefined
    at Object.deleteDeclaration (tsserver.js:120224:56)
    at _loop_9 (tsserver.js:119809:47)
    at ChangeTracker.finishDeleteDeclarations (tsserver.js:119816:21)
    at ChangeTracker.getChanges (tsserver.js:119836:22)
    at Function.ChangeTracker.with (tsserver.js:119360:32)
    at Object.getCodeActions (tsserver.js:124839:68)
    at tsserver.js:120400:121
    at Object.flatMap (tsserver.js:468:25)
    at Object.getFixes (tsserver.js:120400:23)
    at tsserver.js:131083:35
    at Object.flatMap (tsserver.js:468:25)
    at Object.getCodeFixesAtPosition (tsserver.js:131081:23)
    at Proxy.<anonymous> (/home/luis/.vscode/extensions/jpoissonnier.vscode-styled-components-0.0.28/node_modules/typescript-template-language-service-decorator/lib/template-language-service-decorator.js:144:20)
    at IOSession.Session.getCodeFixes (tsserver.js:140736:64)
    at Session.handlers.ts.createMapFromTemplate._a.<computed> (tsserver.js:139521:61)
    at tsserver.js:140929:88
    at IOSession.Session.executeWithRequestId (tsserver.js:140920:28)
    at IOSession.Session.executeCommand (tsserver.js:140929:33)
    at IOSession.Session.onMessage (tsserver.js:140952:35)
    at Interface.<anonymous> (tsserver.js:142267:27)
    at Interface.emit (events.js:200:13)
    at Interface._onLine (readline.js:314:10)
    at Interface._normalWrite (readline.js:459:12)
    at Socket.ondata (readline.js:170:10)
    at Socket.emit (events.js:200:13)
    at addChunk (_stream_readable.js:294:12)
    at readableAddChunk (_stream_readable.js:275:11)
    at Socket.Readable.push (_stream_readable.js:210:10)
    at Pipe.onStreamRead (internal/stream_base_commons.js:166:17): Error: <semantic> TypeScript Server Error (3.7.3)
Cannot read property 'parent' of undefined
TypeError: Cannot read property 'parent' of undefined
    at Object.deleteDeclaration (tsserver.js:120224:56)
    at _loop_9 (tsserver.js:119809:47)
    at ChangeTracker.finishDeleteDeclarations (tsserver.js:119816:21)
    at ChangeTracker.getChanges (tsserver.js:119836:22)
    at Function.ChangeTracker.with (tsserver.js:119360:32)
    at Object.getCodeActions (tsserver.js:124839:68)
    at tsserver.js:120400:121
    at Object.flatMap (tsserver.js:468:25)
    at Object.getFixes (tsserver.js:120400:23)
    at tsserver.js:131083:35
    at Object.flatMap (tsserver.js:468:25)
    at Object.getCodeFixesAtPosition (tsserver.js:131081:23)
    at Proxy.<anonymous> (/home/luis/.vscode/extensions/jpoissonnier.vscode-styled-components-0.0.28/node_modules/typescript-template-language-service-decorator/lib/template-language-service-decorator.js:144:20)
    at IOSession.Session.getCodeFixes (tsserver.js:140736:64)
    at Session.handlers.ts.createMapFromTemplate._a.<computed> (tsserver.js:139521:61)
    at tsserver.js:140929:88
    at IOSession.Session.executeWithRequestId (tsserver.js:140920:28)
    at IOSession.Session.executeCommand (tsserver.js:140929:33)
    at IOSession.Session.onMessage (tsserver.js:140952:35)
    at Interface.<anonymous> (tsserver.js:142267:27)
    at Interface.emit (events.js:200:13)
    at Interface._onLine (readline.js:314:10)
    at Interface._normalWrite (readline.js:459:12)
    at Socket.ondata (readline.js:170:10)
    at Socket.emit (events.js:200:13)
    at addChunk (_stream_readable.js:294:12)
    at readableAddChunk (_stream_readable.js:275:11)
    at Socket.Readable.push (_stream_readable.js:210:10)
    at Pipe.onStreamRead (internal/stream_base_commons.js:166:17)
	at Function.create (/usr/share/code/resources/app/extensions/typescript-language-features/dist/extension.js:1:47388)
	at h.dispatchResponse (/usr/share/code/resources/app/extensions/typescript-language-features/dist/extension.js:1:206557)
	at h.dispatchMessage (/usr/share/code/resources/app/extensions/typescript-language-features/dist/extension.js:1:205455)
	at /usr/share/code/resources/app/extensions/typescript-language-features/dist/extension.js:1:204931
	at l.fire (/usr/share/code/resources/app/out/vs/workbench/services/extensions/node/extensionHostProcess.js:46:893)
	at t.Reader.onLengthData (/usr/share/code/resources/app/extensions/typescript-language-features/dist/extension.js:1:212021)
	at Socket.<anonymous> (/usr/share/code/resources/app/extensions/typescript-language-features/dist/extension.js:1:211669)
	at Socket.emit (events.js:200:13)
	at addChunk (_stream_readable.js:294:12)
	at readableAddChunk (_stream_readable.js:275:11)
	at Socket.Readable.push (_stream_readable.js:210:10)
	at Pipe.onStreamRead (internal/stream_base_commons.js:166:17)
