[Info  - 23:30:32] ESLint server stopped.
[Info  - 23:30:33] ESLint server running in node v12.4.0
[Info  - 23:30:33] ESLint server is running.
[Info  - 23:30:38] ESLint library loaded from: /home/luis/Documentos/Semana-OmniStack10/web/node_modules/eslint/lib/api.js
[Info  - 23:30:40] Failed to load plugin 'import' declared in 'web/package.json » eslint-config-react-app': Cannot find module 'eslint-plugin-import' Require stack: - /home/luis/Documentos/Semana-OmniStack10/__placeholder__.js
[Info  - 23:32:20] Failed to load plugin 'import' declared in 'web/package.json » eslint-config-react-app': Cannot find module 'eslint-plugin-import' Require stack: - /home/luis/Documentos/Semana-OmniStack10/__placeholder__.js
[Info  - 23:33:11] Failed to load plugin 'import' declared in 'web/package.json » eslint-config-react-app': Cannot find module 'eslint-plugin-import' Require stack: - /home/luis/Documentos/Semana-OmniStack10/__placeholder__.js
[Info  - 23:33:15] Failed to load plugin 'import' declared in 'web/package.json » eslint-config-react-app': Cannot find module 'eslint-plugin-import' Require stack: - /home/luis/Documentos/Semana-OmniStack10/__placeholder__.js
[Info  - 23:33:15] Failed to load plugin 'import' declared in 'web/package.json » eslint-config-react-app': Cannot find module 'eslint-plugin-import' Require stack: - /home/luis/Documentos/Semana-OmniStack10/__placeholder__.js
[Info  - 23:33:16] Failed to load plugin 'import' declared in 'web/package.json » eslint-config-react-app': Cannot find module 'eslint-plugin-import' Require stack: - /home/luis/Documentos/Semana-OmniStack10/__placeholder__.js
[Info  - 23:33:16] Failed to load plugin 'import' declared in 'web/package.json » eslint-config-react-app': Cannot find module 'eslint-plugin-import' Require stack: - /home/luis/Documentos/Semana-OmniStack10/__placeholder__.js
[Info  - 23:33:16] Failed to load plugin 'import' declared in 'web/package.json » eslint-config-react-app': Cannot find module 'eslint-plugin-import' Require stack: - /home/luis/Documentos/Semana-OmniStack10/__placeholder__.js
[Info  - 23:33:16] Failed to load plugin 'import' declared in 'web/package.json » eslint-config-react-app': Cannot find module 'eslint-plugin-import' Require stack: - /home/luis/Documentos/Semana-OmniStack10/__placeholder__.js
[Info  - 23:33:16] Failed to load plugin 'import' declared in 'web/package.json » eslint-config-react-app': Cannot find module 'eslint-plugin-import' Require stack: - /home/luis/Documentos/Semana-OmniStack10/__placeholder__.js
[Info  - 23:33:17] Failed to load plugin 'import' declared in 'web/package.json » eslint-config-react-app': Cannot find module 'eslint-plugin-import' Require stack: - /home/luis/Documentos/Semana-OmniStack10/__placeholder__.js
[Info  - 23:33:17] Failed to load plugin 'import' declared in 'web/package.json » eslint-config-react-app': Cannot find module 'eslint-plugin-import' Require stack: - /home/luis/Documentos/Semana-OmniStack10/__placeholder__.js
[Info  - 23:33:17] Failed to load plugin 'import' declared in 'web/package.json » eslint-config-react-app': Cannot find module 'eslint-plugin-import' Require stack: - /home/luis/Documentos/Semana-OmniStack10/__placeholder__.js
[Info  - 23:33:17] Failed to load plugin 'import' declared in 'web/package.json » eslint-config-react-app': Cannot find module 'eslint-plugin-import' Require stack: - /home/luis/Documentos/Semana-OmniStack10/__placeholder__.js
[Info  - 23:33:18] Failed to load plugin 'import' declared in 'web/package.json » eslint-config-react-app': Cannot find module 'eslint-plugin-import' Require stack: - /home/luis/Documentos/Semana-OmniStack10/__placeholder__.js
[Info  - 23:33:18] Failed to load plugin 'import' declared in 'web/package.json » eslint-config-react-app': Cannot find module 'eslint-plugin-import' Require stack: - /home/luis/Documentos/Semana-OmniStack10/__placeholder__.js
[Info  - 23:33:19] Failed to load plugin 'import' declared in 'web/package.json » eslint-config-react-app': Cannot find module 'eslint-plugin-import' Require stack: - /home/luis/Documentos/Semana-OmniStack10/__placeholder__.js
[Info  - 23:33:19] Failed to load plugin 'import' declared in 'web/package.json » eslint-config-react-app': Cannot find module 'eslint-plugin-import' Require stack: - /home/luis/Documentos/Semana-OmniStack10/__placeholder__.js
[Info  - 23:33:19] Failed to load plugin 'import' declared in 'web/package.json » eslint-config-react-app': Cannot find module 'eslint-plugin-import' Require stack: - /home/luis/Documentos/Semana-OmniStack10/__placeholder__.js
[Info  - 23:33:20] Failed to load plugin 'import' declared in 'web/package.json » eslint-config-react-app': Cannot find module 'eslint-plugin-import' Require stack: - /home/luis/Documentos/Semana-OmniStack10/__placeholder__.js
[Info  - 23:33:20] Failed to load plugin 'import' declared in 'web/package.json » eslint-config-react-app': Cannot find module 'eslint-plugin-import' Require stack: - /home/luis/Documentos/Semana-OmniStack10/__placeholder__.js
[Info  - 23:33:20] Failed to load plugin 'import' declared in 'web/package.json » eslint-config-react-app': Cannot find module 'eslint-plugin-import' Require stack: - /home/luis/Documentos/Semana-OmniStack10/__placeholder__.js
[Info  - 23:33:21] Failed to load plugin 'import' declared in 'web/package.json » eslint-config-react-app': Cannot find module 'eslint-plugin-import' Require stack: - /home/luis/Documentos/Semana-OmniStack10/__placeholder__.js
[Info  - 23:33:22] Failed to load plugin 'import' declared in 'web/package.json » eslint-config-react-app': Cannot find module 'eslint-plugin-import' Require stack: - /home/luis/Documentos/Semana-OmniStack10/__placeholder__.js
[Info  - 23:33:23] Failed to load plugin 'import' declared in 'web/package.json » eslint-config-react-app': Cannot find module 'eslint-plugin-import' Require stack: - /home/luis/Documentos/Semana-OmniStack10/__placeholder__.js
[Info  - 23:33:24] Failed to load plugin 'import' declared in 'web/package.json » eslint-config-react-app': Cannot find module 'eslint-plugin-import' Require stack: - /home/luis/Documentos/Semana-OmniStack10/__placeholder__.js
[Info  - 23:33:24] Failed to load plugin 'import' declared in 'web/package.json » eslint-config-react-app': Cannot find module 'eslint-plugin-import' Require stack: - /home/luis/Documentos/Semana-OmniStack10/__placeholder__.js
[Info  - 23:33:25] Failed to load plugin 'import' declared in 'web/package.json » eslint-config-react-app': Cannot find module 'eslint-plugin-import' Require stack: - /home/luis/Documentos/Semana-OmniStack10/__placeholder__.js
[Info  - 23:33:26] Failed to load plugin 'import' declared in 'web/package.json » eslint-config-react-app': Cannot find module 'eslint-plugin-import' Require stack: - /home/luis/Documentos/Semana-OmniStack10/__placeholder__.js
[Info  - 23:33:26] Failed to load plugin 'import' declared in 'web/package.json » eslint-config-react-app': Cannot find module 'eslint-plugin-import' Require stack: - /home/luis/Documentos/Semana-OmniStack10/__placeholder__.js
[Info  - 23:33:26] Failed to load plugin 'import' declared in 'web/package.json » eslint-config-react-app': Cannot find module 'eslint-plugin-import' Require stack: - /home/luis/Documentos/Semana-OmniStack10/__placeholder__.js
[Info  - 23:33:26] Failed to load plugin 'import' declared in 'web/package.json » eslint-config-react-app': Cannot find module 'eslint-plugin-import' Require stack: - /home/luis/Documentos/Semana-OmniStack10/__placeholder__.js
[Info  - 23:33:26] Failed to load plugin 'import' declared in 'web/package.json » eslint-config-react-app': Cannot find module 'eslint-plugin-import' Require stack: - /home/luis/Documentos/Semana-OmniStack10/__placeholder__.js
[Info  - 23:33:26] Failed to load plugin 'import' declared in 'web/package.json » eslint-config-react-app': Cannot find module 'eslint-plugin-import' Require stack: - /home/luis/Documentos/Semana-OmniStack10/__placeholder__.js
[Info  - 23:33:27] Failed to load plugin 'import' declared in 'web/package.json » eslint-config-react-app': Cannot find module 'eslint-plugin-import' Require stack: - /home/luis/Documentos/Semana-OmniStack10/__placeholder__.js
[Info  - 23:33:27] Failed to load plugin 'import' declared in 'web/package.json » eslint-config-react-app': Cannot find module 'eslint-plugin-import' Require stack: - /home/luis/Documentos/Semana-OmniStack10/__placeholder__.js
[Info  - 23:33:28] Failed to load plugin 'import' declared in 'web/package.json » eslint-config-react-app': Cannot find module 'eslint-plugin-import' Require stack: - /home/luis/Documentos/Semana-OmniStack10/__placeholder__.js
[Info  - 23:33:28] Failed to load plugin 'import' declared in 'web/package.json » eslint-config-react-app': Cannot find module 'eslint-plugin-import' Require stack: - /home/luis/Documentos/Semana-OmniStack10/__placeholder__.js
[Info  - 23:33:29] Failed to load plugin 'import' declared in 'web/package.json » eslint-config-react-app': Cannot find module 'eslint-plugin-import' Require stack: - /home/luis/Documentos/Semana-OmniStack10/__placeholder__.js
[Info  - 23:33:30] Failed to load plugin 'import' declared in 'web/package.json » eslint-config-react-app': Cannot find module 'eslint-plugin-import' Require stack: - /home/luis/Documentos/Semana-OmniStack10/__placeholder__.js
[Info  - 23:33:30] Failed to load plugin 'import' declared in 'web/package.json » eslint-config-react-app': Cannot find module 'eslint-plugin-import' Require stack: - /home/luis/Documentos/Semana-OmniStack10/__placeholder__.js
[Info  - 23:33:30] Failed to load plugin 'import' declared in 'web/package.json » eslint-config-react-app': Cannot find module 'eslint-plugin-import' Require stack: - /home/luis/Documentos/Semana-OmniStack10/__placeholder__.js
[Info  - 23:33:30] Failed to load plugin 'import' declared in 'web/package.json » eslint-config-react-app': Cannot find module 'eslint-plugin-import' Require stack: - /home/luis/Documentos/Semana-OmniStack10/__placeholder__.js
[Info  - 23:33:31] Failed to load plugin 'import' declared in 'web/package.json » eslint-config-react-app': Cannot find module 'eslint-plugin-import' Require stack: - /home/luis/Documentos/Semana-OmniStack10/__placeholder__.js
[Info  - 23:33:33] Failed to load plugin 'import' declared in 'web/package.json » eslint-config-react-app': Cannot find module 'eslint-plugin-import' Require stack: - /home/luis/Documentos/Semana-OmniStack10/__placeholder__.js
[Info  - 23:33:33] Failed to load plugin 'import' declared in 'web/package.json » eslint-config-react-app': Cannot find module 'eslint-plugin-import' Require stack: - /home/luis/Documentos/Semana-OmniStack10/__placeholder__.js
[Info  - 23:33:33] Failed to load plugin 'import' declared in 'web/package.json » eslint-config-react-app': Cannot find module 'eslint-plugin-import' Require stack: - /home/luis/Documentos/Semana-OmniStack10/__placeholder__.js
[Info  - 23:33:34] Failed to load plugin 'import' declared in 'web/package.json » eslint-config-react-app': Cannot find module 'eslint-plugin-import' Require stack: - /home/luis/Documentos/Semana-OmniStack10/__placeholder__.js
[Info  - 23:33:35] Failed to load plugin 'import' declared in 'web/package.json » eslint-config-react-app': Cannot find module 'eslint-plugin-import' Require stack: - /home/luis/Documentos/Semana-OmniStack10/__placeholder__.js
[Info  - 23:33:35] Failed to load plugin 'import' declared in 'web/package.json » eslint-config-react-app': Cannot find module 'eslint-plugin-import' Require stack: - /home/luis/Documentos/Semana-OmniStack10/__placeholder__.js
[Info  - 23:33:36] Failed to load plugin 'import' declared in 'web/package.json » eslint-config-react-app': Cannot find module 'eslint-plugin-import' Require stack: - /home/luis/Documentos/Semana-OmniStack10/__placeholder__.js
[Info  - 23:33:38] Failed to load plugin 'import' declared in 'web/package.json » eslint-config-react-app': Cannot find module 'eslint-plugin-import' Require stack: - /home/luis/Documentos/Semana-OmniStack10/__placeholder__.js
[Info  - 23:33:38] Failed to load plugin 'import' declared in 'web/package.json » eslint-config-react-app': Cannot find module 'eslint-plugin-import' Require stack: - /home/luis/Documentos/Semana-OmniStack10/__placeholder__.js
[Info  - 23:33:38] Failed to load plugin 'import' declared in 'web/package.json » eslint-config-react-app': Cannot find module 'eslint-plugin-import' Require stack: - /home/luis/Documentos/Semana-OmniStack10/__placeholder__.js
[Info  - 23:33:39] Failed to load plugin 'import' declared in 'web/package.json » eslint-config-react-app': Cannot find module 'eslint-plugin-import' Require stack: - /home/luis/Documentos/Semana-OmniStack10/__placeholder__.js
[Info  - 23:33:40] Failed to load plugin 'import' declared in 'web/package.json » eslint-config-react-app': Cannot find module 'eslint-plugin-import' Require stack: - /home/luis/Documentos/Semana-OmniStack10/__placeholder__.js
[Info  - 23:33:41] Failed to load plugin 'import' declared in 'web/package.json » eslint-config-react-app': Cannot find module 'eslint-plugin-import' Require stack: - /home/luis/Documentos/Semana-OmniStack10/__placeholder__.js
[Info  - 23:33:42] Failed to load plugin 'import' declared in 'web/package.json » eslint-config-react-app': Cannot find module 'eslint-plugin-import' Require stack: - /home/luis/Documentos/Semana-OmniStack10/__placeholder__.js
[Info  - 23:33:43] Failed to load plugin 'import' declared in 'web/package.json » eslint-config-react-app': Cannot find module 'eslint-plugin-import' Require stack: - /home/luis/Documentos/Semana-OmniStack10/__placeholder__.js
[Info  - 23:33:44] Failed to load plugin 'import' declared in 'web/package.json » eslint-config-react-app': Cannot find module 'eslint-plugin-import' Require stack: - /home/luis/Documentos/Semana-OmniStack10/__placeholder__.js
[Info  - 23:33:51] Failed to load plugin 'import' declared in 'web/package.json » eslint-config-react-app': Cannot find module 'eslint-plugin-import' Require stack: - /home/luis/Documentos/Semana-OmniStack10/__placeholder__.js
[Info  - 23:33:52] Failed to load plugin 'import' declared in 'web/package.json » eslint-config-react-app': Cannot find module 'eslint-plugin-import' Require stack: - /home/luis/Documentos/Semana-OmniStack10/__placeholder__.js
[Info  - 23:33:53] Failed to load plugin 'import' declared in 'web/package.json » eslint-config-react-app': Cannot find module 'eslint-plugin-import' Require stack: - /home/luis/Documentos/Semana-OmniStack10/__placeholder__.js
[Info  - 23:33:54] Failed to load plugin 'import' declared in 'web/package.json » eslint-config-react-app': Cannot find module 'eslint-plugin-import' Require stack: - /home/luis/Documentos/Semana-OmniStack10/__placeholder__.js
[Info  - 23:33:54] Failed to load plugin 'import' declared in 'web/package.json » eslint-config-react-app': Cannot find module 'eslint-plugin-import' Require stack: - /home/luis/Documentos/Semana-OmniStack10/__placeholder__.js
[Info  - 23:33:54] Failed to load plugin 'import' declared in 'web/package.json » eslint-config-react-app': Cannot find module 'eslint-plugin-import' Require stack: - /home/luis/Documentos/Semana-OmniStack10/__placeholder__.js
[Info  - 23:33:54] Failed to load plugin 'import' declared in 'web/package.json » eslint-config-react-app': Cannot find module 'eslint-plugin-import' Require stack: - /home/luis/Documentos/Semana-OmniStack10/__placeholder__.js
[Info  - 23:33:57] Failed to load plugin 'import' declared in 'web/package.json » eslint-config-react-app': Cannot find module 'eslint-plugin-import' Require stack: - /home/luis/Documentos/Semana-OmniStack10/__placeholder__.js
[Info  - 23:33:59] Failed to load plugin 'import' declared in 'web/package.json » eslint-config-react-app': Cannot find module 'eslint-plugin-import' Require stack: - /home/luis/Documentos/Semana-OmniStack10/__placeholder__.js
[Info  - 23:34:02] Failed to load plugin 'import' declared in 'web/package.json » eslint-config-react-app': Cannot find module 'eslint-plugin-import' Require stack: - /home/luis/Documentos/Semana-OmniStack10/__placeholder__.js
[Info  - 23:34:03] Failed to load plugin 'import' declared in 'web/package.json » eslint-config-react-app': Cannot find module 'eslint-plugin-import' Require stack: - /home/luis/Documentos/Semana-OmniStack10/__placeholder__.js
[Info  - 23:34:04] Failed to load plugin 'import' declared in 'web/package.json » eslint-config-react-app': Cannot find module 'eslint-plugin-import' Require stack: - /home/luis/Documentos/Semana-OmniStack10/__placeholder__.js
[Info  - 23:34:04] Failed to load plugin 'import' declared in 'web/package.json » eslint-config-react-app': Cannot find module 'eslint-plugin-import' Require stack: - /home/luis/Documentos/Semana-OmniStack10/__placeholder__.js
[Info  - 23:34:04] Failed to load plugin 'import' declared in 'web/package.json » eslint-config-react-app': Cannot find module 'eslint-plugin-import' Require stack: - /home/luis/Documentos/Semana-OmniStack10/__placeholder__.js
[Info  - 23:34:05] Failed to load plugin 'import' declared in 'web/package.json » eslint-config-react-app': Cannot find module 'eslint-plugin-import' Require stack: - /home/luis/Documentos/Semana-OmniStack10/__placeholder__.js
[Info  - 23:34:05] Failed to load plugin 'import' declared in 'web/package.json » eslint-config-react-app': Cannot find module 'eslint-plugin-import' Require stack: - /home/luis/Documentos/Semana-OmniStack10/__placeholder__.js
[Info  - 23:34:05] Failed to load plugin 'import' declared in 'web/package.json » eslint-config-react-app': Cannot find module 'eslint-plugin-import' Require stack: - /home/luis/Documentos/Semana-OmniStack10/__placeholder__.js
[Info  - 23:34:05] Failed to load plugin 'import' declared in 'web/package.json » eslint-config-react-app': Cannot find module 'eslint-plugin-import' Require stack: - /home/luis/Documentos/Semana-OmniStack10/__placeholder__.js
[Info  - 23:34:05] Failed to load plugin 'import' declared in 'web/package.json » eslint-config-react-app': Cannot find module 'eslint-plugin-import' Require stack: - /home/luis/Documentos/Semana-OmniStack10/__placeholder__.js
[Info  - 23:34:05] Failed to load plugin 'import' declared in 'web/package.json » eslint-config-react-app': Cannot find module 'eslint-plugin-import' Require stack: - /home/luis/Documentos/Semana-OmniStack10/__placeholder__.js
[Info  - 23:34:06] Failed to load plugin 'import' declared in 'web/package.json » eslint-config-react-app': Cannot find module 'eslint-plugin-import' Require stack: - /home/luis/Documentos/Semana-OmniStack10/__placeholder__.js
[Info  - 23:34:06] Failed to load plugin 'import' declared in 'web/package.json » eslint-config-react-app': Cannot find module 'eslint-plugin-import' Require stack: - /home/luis/Documentos/Semana-OmniStack10/__placeholder__.js
[Info  - 23:34:06] Failed to load plugin 'import' declared in 'web/package.json » eslint-config-react-app': Cannot find module 'eslint-plugin-import' Require stack: - /home/luis/Documentos/Semana-OmniStack10/__placeholder__.js
[Info  - 23:34:06] Failed to load plugin 'import' declared in 'web/package.json » eslint-config-react-app': Cannot find module 'eslint-plugin-import' Require stack: - /home/luis/Documentos/Semana-OmniStack10/__placeholder__.js
[Info  - 23:34:07] Failed to load plugin 'import' declared in 'web/package.json » eslint-config-react-app': Cannot find module 'eslint-plugin-import' Require stack: - /home/luis/Documentos/Semana-OmniStack10/__placeholder__.js
[Info  - 23:34:08] Failed to load plugin 'import' declared in 'web/package.json » eslint-config-react-app': Cannot find module 'eslint-plugin-import' Require stack: - /home/luis/Documentos/Semana-OmniStack10/__placeholder__.js
[Info  - 23:34:08] Failed to load plugin 'import' declared in 'web/package.json » eslint-config-react-app': Cannot find module 'eslint-plugin-import' Require stack: - /home/luis/Documentos/Semana-OmniStack10/__placeholder__.js
[Info  - 23:34:08] Failed to load plugin 'import' declared in 'web/package.json » eslint-config-react-app': Cannot find module 'eslint-plugin-import' Require stack: - /home/luis/Documentos/Semana-OmniStack10/__placeholder__.js
[Info  - 23:34:09] Failed to load plugin 'import' declared in 'web/package.json » eslint-config-react-app': Cannot find module 'eslint-plugin-import' Require stack: - /home/luis/Documentos/Semana-OmniStack10/__placeholder__.js
[Info  - 23:34:11] Failed to load plugin 'import' declared in 'web/package.json » eslint-config-react-app': Cannot find module 'eslint-plugin-import' Require stack: - /home/luis/Documentos/Semana-OmniStack10/__placeholder__.js
[Info  - 23:35:03] Failed to load plugin 'import' declared in 'web/package.json » eslint-config-react-app': Cannot find module 'eslint-plugin-import' Require stack: - /home/luis/Documentos/Semana-OmniStack10/__placeholder__.js
[Info  - 23:35:04] Failed to load plugin 'import' declared in 'web/package.json » eslint-config-react-app': Cannot find module 'eslint-plugin-import' Require stack: - /home/luis/Documentos/Semana-OmniStack10/__placeholder__.js
[Info  - 23:35:04] Failed to load plugin 'import' declared in 'web/package.json » eslint-config-react-app': Cannot find module 'eslint-plugin-import' Require stack: - /home/luis/Documentos/Semana-OmniStack10/__placeholder__.js
[Info  - 23:35:04] Failed to load plugin 'import' declared in 'web/package.json » eslint-config-react-app': Cannot find module 'eslint-plugin-import' Require stack: - /home/luis/Documentos/Semana-OmniStack10/__placeholder__.js
[Info  - 23:35:04] Failed to load plugin 'import' declared in 'web/package.json » eslint-config-react-app': Cannot find module 'eslint-plugin-import' Require stack: - /home/luis/Documentos/Semana-OmniStack10/__placeholder__.js
[Info  - 23:35:04] Failed to load plugin 'import' declared in 'web/package.json » eslint-config-react-app': Cannot find module 'eslint-plugin-import' Require stack: - /home/luis/Documentos/Semana-OmniStack10/__placeholder__.js
[Info  - 23:35:05] Failed to load plugin 'import' declared in 'web/package.json » eslint-config-react-app': Cannot find module 'eslint-plugin-import' Require stack: - /home/luis/Documentos/Semana-OmniStack10/__placeholder__.js
[Info  - 23:35:05] Failed to load plugin 'import' declared in 'web/package.json » eslint-config-react-app': Cannot find module 'eslint-plugin-import' Require stack: - /home/luis/Documentos/Semana-OmniStack10/__placeholder__.js
[Info  - 23:35:05] Failed to load plugin 'import' declared in 'web/package.json » eslint-config-react-app': Cannot find module 'eslint-plugin-import' Require stack: - /home/luis/Documentos/Semana-OmniStack10/__placeholder__.js
[Info  - 23:35:06] Failed to load plugin 'import' declared in 'web/package.json » eslint-config-react-app': Cannot find module 'eslint-plugin-import' Require stack: - /home/luis/Documentos/Semana-OmniStack10/__placeholder__.js
[Info  - 23:35:06] Failed to load plugin 'import' declared in 'web/package.json » eslint-config-react-app': Cannot find module 'eslint-plugin-import' Require stack: - /home/luis/Documentos/Semana-OmniStack10/__placeholder__.js
[Info  - 23:35:06] Failed to load plugin 'import' declared in 'web/package.json » eslint-config-react-app': Cannot find module 'eslint-plugin-import' Require stack: - /home/luis/Documentos/Semana-OmniStack10/__placeholder__.js
[Info  - 23:35:07] Failed to load plugin 'import' declared in 'web/package.json » eslint-config-react-app': Cannot find module 'eslint-plugin-import' Require stack: - /home/luis/Documentos/Semana-OmniStack10/__placeholder__.js
[Info  - 23:35:07] Failed to load plugin 'import' declared in 'web/package.json » eslint-config-react-app': Cannot find module 'eslint-plugin-import' Require stack: - /home/luis/Documentos/Semana-OmniStack10/__placeholder__.js
[Info  - 23:35:07] Failed to load plugin 'import' declared in 'web/package.json » eslint-config-react-app': Cannot find module 'eslint-plugin-import' Require stack: - /home/luis/Documentos/Semana-OmniStack10/__placeholder__.js
[Info  - 23:35:08] Failed to load plugin 'import' declared in 'web/package.json » eslint-config-react-app': Cannot find module 'eslint-plugin-import' Require stack: - /home/luis/Documentos/Semana-OmniStack10/__placeholder__.js
[Info  - 23:35:09] Failed to load plugin 'import' declared in 'web/package.json » eslint-config-react-app': Cannot find module 'eslint-plugin-import' Require stack: - /home/luis/Documentos/Semana-OmniStack10/__placeholder__.js
[Info  - 23:35:09] Failed to load plugin 'import' declared in 'web/package.json » eslint-config-react-app': Cannot find module 'eslint-plugin-import' Require stack: - /home/luis/Documentos/Semana-OmniStack10/__placeholder__.js
[Info  - 23:35:09] Failed to load plugin 'import' declared in 'web/package.json » eslint-config-react-app': Cannot find module 'eslint-plugin-import' Require stack: - /home/luis/Documentos/Semana-OmniStack10/__placeholder__.js
[Info  - 23:35:09] Failed to load plugin 'import' declared in 'web/package.json » eslint-config-react-app': Cannot find module 'eslint-plugin-import' Require stack: - /home/luis/Documentos/Semana-OmniStack10/__placeholder__.js
[Info  - 23:35:10] Failed to load plugin 'import' declared in 'web/package.json » eslint-config-react-app': Cannot find module 'eslint-plugin-import' Require stack: - /home/luis/Documentos/Semana-OmniStack10/__placeholder__.js
[Info  - 23:35:10] Failed to load plugin 'import' declared in 'web/package.json » eslint-config-react-app': Cannot find module 'eslint-plugin-import' Require stack: - /home/luis/Documentos/Semana-OmniStack10/__placeholder__.js
[Info  - 23:35:12] Failed to load plugin 'import' declared in 'web/package.json » eslint-config-react-app': Cannot find module 'eslint-plugin-import' Require stack: - /home/luis/Documentos/Semana-OmniStack10/__placeholder__.js
[Info  - 23:35:12] Failed to load plugin 'import' declared in 'web/package.json » eslint-config-react-app': Cannot find module 'eslint-plugin-import' Require stack: - /home/luis/Documentos/Semana-OmniStack10/__placeholder__.js
[Info  - 23:35:13] Failed to load plugin 'import' declared in 'web/package.json » eslint-config-react-app': Cannot find module 'eslint-plugin-import' Require stack: - /home/luis/Documentos/Semana-OmniStack10/__placeholder__.js
[Info  - 23:35:14] Failed to load plugin 'import' declared in 'web/package.json » eslint-config-react-app': Cannot find module 'eslint-plugin-import' Require stack: - /home/luis/Documentos/Semana-OmniStack10/__placeholder__.js
[Info  - 23:35:15] Failed to load plugin 'import' declared in 'web/package.json » eslint-config-react-app': Cannot find module 'eslint-plugin-import' Require stack: - /home/luis/Documentos/Semana-OmniStack10/__placeholder__.js
[Info  - 23:35:15] Failed to load plugin 'import' declared in 'web/package.json » eslint-config-react-app': Cannot find module 'eslint-plugin-import' Require stack: - /home/luis/Documentos/Semana-OmniStack10/__placeholder__.js
[Info  - 23:35:15] Failed to load plugin 'import' declared in 'web/package.json » eslint-config-react-app': Cannot find module 'eslint-plugin-import' Require stack: - /home/luis/Documentos/Semana-OmniStack10/__placeholder__.js
[Info  - 23:35:16] Failed to load plugin 'import' declared in 'web/package.json » eslint-config-react-app': Cannot find module 'eslint-plugin-import' Require stack: - /home/luis/Documentos/Semana-OmniStack10/__placeholder__.js
[Info  - 23:35:17] Failed to load plugin 'import' declared in 'web/package.json » eslint-config-react-app': Cannot find module 'eslint-plugin-import' Require stack: - /home/luis/Documentos/Semana-OmniStack10/__placeholder__.js
[Info  - 23:35:21] Failed to load plugin 'import' declared in 'web/package.json » eslint-config-react-app': Cannot find module 'eslint-plugin-import' Require stack: - /home/luis/Documentos/Semana-OmniStack10/__placeholder__.js
[Info  - 23:35:22] Failed to load plugin 'import' declared in 'web/package.json » eslint-config-react-app': Cannot find module 'eslint-plugin-import' Require stack: - /home/luis/Documentos/Semana-OmniStack10/__placeholder__.js
[Info  - 23:35:23] Failed to load plugin 'import' declared in 'web/package.json » eslint-config-react-app': Cannot find module 'eslint-plugin-import' Require stack: - /home/luis/Documentos/Semana-OmniStack10/__placeholder__.js
[Info  - 23:35:25] Failed to load plugin 'import' declared in 'web/package.json » eslint-config-react-app': Cannot find module 'eslint-plugin-import' Require stack: - /home/luis/Documentos/Semana-OmniStack10/__placeholder__.js
[Info  - 23:36:04] Failed to load plugin 'import' declared in 'web/package.json » eslint-config-react-app': Cannot find module 'eslint-plugin-import' Require stack: - /home/luis/Documentos/Semana-OmniStack10/__placeholder__.js
[Info  - 23:36:06] Failed to load plugin 'import' declared in 'web/package.json » eslint-config-react-app': Cannot find module 'eslint-plugin-import' Require stack: - /home/luis/Documentos/Semana-OmniStack10/__placeholder__.js
[Info  - 23:36:06] Failed to load plugin 'import' declared in 'web/package.json » eslint-config-react-app': Cannot find module 'eslint-plugin-import' Require stack: - /home/luis/Documentos/Semana-OmniStack10/__placeholder__.js
[Info  - 23:36:06] Failed to load plugin 'import' declared in 'web/package.json » eslint-config-react-app': Cannot find module 'eslint-plugin-import' Require stack: - /home/luis/Documentos/Semana-OmniStack10/__placeholder__.js
[Info  - 23:36:07] Failed to load plugin 'import' declared in 'web/package.json » eslint-config-react-app': Cannot find module 'eslint-plugin-import' Require stack: - /home/luis/Documentos/Semana-OmniStack10/__placeholder__.js
[Info  - 23:36:07] Failed to load plugin 'import' declared in 'web/package.json » eslint-config-react-app': Cannot find module 'eslint-plugin-import' Require stack: - /home/luis/Documentos/Semana-OmniStack10/__placeholder__.js
[Info  - 23:36:07] Failed to load plugin 'import' declared in 'web/package.json » eslint-config-react-app': Cannot find module 'eslint-plugin-import' Require stack: - /home/luis/Documentos/Semana-OmniStack10/__placeholder__.js
[Info  - 23:36:07] Failed to load plugin 'import' declared in 'web/package.json » eslint-config-react-app': Cannot find module 'eslint-plugin-import' Require stack: - /home/luis/Documentos/Semana-OmniStack10/__placeholder__.js
[Info  - 23:36:08] Failed to load plugin 'import' declared in 'web/package.json » eslint-config-react-app': Cannot find module 'eslint-plugin-import' Require stack: - /home/luis/Documentos/Semana-OmniStack10/__placeholder__.js
[Info  - 23:36:08] Failed to load plugin 'import' declared in 'web/package.json » eslint-config-react-app': Cannot find module 'eslint-plugin-import' Require stack: - /home/luis/Documentos/Semana-OmniStack10/__placeholder__.js
[Info  - 23:36:08] Failed to load plugin 'import' declared in 'web/package.json » eslint-config-react-app': Cannot find module 'eslint-plugin-import' Require stack: - /home/luis/Documentos/Semana-OmniStack10/__placeholder__.js
[Info  - 23:36:08] Failed to load plugin 'import' declared in 'web/package.json » eslint-config-react-app': Cannot find module 'eslint-plugin-import' Require stack: - /home/luis/Documentos/Semana-OmniStack10/__placeholder__.js
[Info  - 23:36:09] Failed to load plugin 'import' declared in 'web/package.json » eslint-config-react-app': Cannot find module 'eslint-plugin-import' Require stack: - /home/luis/Documentos/Semana-OmniStack10/__placeholder__.js
[Info  - 23:36:10] Failed to load plugin 'import' declared in 'web/package.json » eslint-config-react-app': Cannot find module 'eslint-plugin-import' Require stack: - /home/luis/Documentos/Semana-OmniStack10/__placeholder__.js
[Info  - 23:36:10] Failed to load plugin 'import' declared in 'web/package.json » eslint-config-react-app': Cannot find module 'eslint-plugin-import' Require stack: - /home/luis/Documentos/Semana-OmniStack10/__placeholder__.js
[Info  - 23:36:10] Failed to load plugin 'import' declared in 'web/package.json » eslint-config-react-app': Cannot find module 'eslint-plugin-import' Require stack: - /home/luis/Documentos/Semana-OmniStack10/__placeholder__.js
[Info  - 23:36:10] Failed to load plugin 'import' declared in 'web/package.json » eslint-config-react-app': Cannot find module 'eslint-plugin-import' Require stack: - /home/luis/Documentos/Semana-OmniStack10/__placeholder__.js
[Info  - 23:36:12] Failed to load plugin 'import' declared in 'web/package.json » eslint-config-react-app': Cannot find module 'eslint-plugin-import' Require stack: - /home/luis/Documentos/Semana-OmniStack10/__placeholder__.js
[Info  - 23:36:12] Failed to load plugin 'import' declared in 'web/package.json » eslint-config-react-app': Cannot find module 'eslint-plugin-import' Require stack: - /home/luis/Documentos/Semana-OmniStack10/__placeholder__.js
[Info  - 23:36:12] Failed to load plugin 'import' declared in 'web/package.json » eslint-config-react-app': Cannot find module 'eslint-plugin-import' Require stack: - /home/luis/Documentos/Semana-OmniStack10/__placeholder__.js
[Info  - 23:36:12] Failed to load plugin 'import' declared in 'web/package.json » eslint-config-react-app': Cannot find module 'eslint-plugin-import' Require stack: - /home/luis/Documentos/Semana-OmniStack10/__placeholder__.js
[Info  - 23:36:13] Failed to load plugin 'import' declared in 'web/package.json » eslint-config-react-app': Cannot find module 'eslint-plugin-import' Require stack: - /home/luis/Documentos/Semana-OmniStack10/__placeholder__.js
[Info  - 23:36:13] Failed to load plugin 'import' declared in 'web/package.json » eslint-config-react-app': Cannot find module 'eslint-plugin-import' Require stack: - /home/luis/Documentos/Semana-OmniStack10/__placeholder__.js
[Info  - 23:36:13] Failed to load plugin 'import' declared in 'web/package.json » eslint-config-react-app': Cannot find module 'eslint-plugin-import' Require stack: - /home/luis/Documentos/Semana-OmniStack10/__placeholder__.js
[Info  - 23:36:13] Failed to load plugin 'import' declared in 'web/package.json » eslint-config-react-app': Cannot find module 'eslint-plugin-import' Require stack: - /home/luis/Documentos/Semana-OmniStack10/__placeholder__.js
[Info  - 23:36:14] Failed to load plugin 'import' declared in 'web/package.json » eslint-config-react-app': Cannot find module 'eslint-plugin-import' Require stack: - /home/luis/Documentos/Semana-OmniStack10/__placeholder__.js
[Info  - 23:36:14] Failed to load plugin 'import' declared in 'web/package.json » eslint-config-react-app': Cannot find module 'eslint-plugin-import' Require stack: - /home/luis/Documentos/Semana-OmniStack10/__placeholder__.js
[Info  - 23:36:14] Failed to load plugin 'import' declared in 'web/package.json » eslint-config-react-app': Cannot find module 'eslint-plugin-import' Require stack: - /home/luis/Documentos/Semana-OmniStack10/__placeholder__.js
[Info  - 23:36:15] Failed to load plugin 'import' declared in 'web/package.json » eslint-config-react-app': Cannot find module 'eslint-plugin-import' Require stack: - /home/luis/Documentos/Semana-OmniStack10/__placeholder__.js
[Info  - 23:36:15] Failed to load plugin 'import' declared in 'web/package.json » eslint-config-react-app': Cannot find module 'eslint-plugin-import' Require stack: - /home/luis/Documentos/Semana-OmniStack10/__placeholder__.js
[Info  - 23:36:15] Failed to load plugin 'import' declared in 'web/package.json » eslint-config-react-app': Cannot find module 'eslint-plugin-import' Require stack: - /home/luis/Documentos/Semana-OmniStack10/__placeholder__.js
[Info  - 23:36:15] Failed to load plugin 'import' declared in 'web/package.json » eslint-config-react-app': Cannot find module 'eslint-plugin-import' Require stack: - /home/luis/Documentos/Semana-OmniStack10/__placeholder__.js
[Info  - 23:36:16] Failed to load plugin 'import' declared in 'web/package.json » eslint-config-react-app': Cannot find module 'eslint-plugin-import' Require stack: - /home/luis/Documentos/Semana-OmniStack10/__placeholder__.js
[Info  - 23:36:17] Failed to load plugin 'import' declared in 'web/package.json » eslint-config-react-app': Cannot find module 'eslint-plugin-import' Require stack: - /home/luis/Documentos/Semana-OmniStack10/__placeholder__.js
[Info  - 23:36:18] Failed to load plugin 'import' declared in 'web/package.json » eslint-config-react-app': Cannot find module 'eslint-plugin-import' Require stack: - /home/luis/Documentos/Semana-OmniStack10/__placeholder__.js
[Info  - 23:36:19] Failed to load plugin 'import' declared in 'web/package.json » eslint-config-react-app': Cannot find module 'eslint-plugin-import' Require stack: - /home/luis/Documentos/Semana-OmniStack10/__placeholder__.js
[Info  - 23:36:19] Failed to load plugin 'import' declared in 'web/package.json » eslint-config-react-app': Cannot find module 'eslint-plugin-import' Require stack: - /home/luis/Documentos/Semana-OmniStack10/__placeholder__.js
[Info  - 23:36:19] Failed to load plugin 'import' declared in 'web/package.json » eslint-config-react-app': Cannot find module 'eslint-plugin-import' Require stack: - /home/luis/Documentos/Semana-OmniStack10/__placeholder__.js
[Info  - 23:36:20] Failed to load plugin 'import' declared in 'web/package.json » eslint-config-react-app': Cannot find module 'eslint-plugin-import' Require stack: - /home/luis/Documentos/Semana-OmniStack10/__placeholder__.js
[Info  - 23:36:20] Failed to load plugin 'import' declared in 'web/package.json » eslint-config-react-app': Cannot find module 'eslint-plugin-import' Require stack: - /home/luis/Documentos/Semana-OmniStack10/__placeholder__.js
[Info  - 23:36:23] Failed to load plugin 'import' declared in 'web/package.json » eslint-config-react-app': Cannot find module 'eslint-plugin-import' Require stack: - /home/luis/Documentos/Semana-OmniStack10/__placeholder__.js
[Info  - 23:36:23] Failed to load plugin 'import' declared in 'web/package.json » eslint-config-react-app': Cannot find module 'eslint-plugin-import' Require stack: - /home/luis/Documentos/Semana-OmniStack10/__placeholder__.js
[Info  - 23:36:27] Failed to load plugin 'import' declared in 'web/package.json » eslint-config-react-app': Cannot find module 'eslint-plugin-import' Require stack: - /home/luis/Documentos/Semana-OmniStack10/__placeholder__.js
[Info  - 23:36:27] Failed to load plugin 'import' declared in 'web/package.json » eslint-config-react-app': Cannot find module 'eslint-plugin-import' Require stack: - /home/luis/Documentos/Semana-OmniStack10/__placeholder__.js
[Info  - 23:36:29] Failed to load plugin 'import' declared in 'web/package.json » eslint-config-react-app': Cannot find module 'eslint-plugin-import' Require stack: - /home/luis/Documentos/Semana-OmniStack10/__placeholder__.js
[Info  - 23:36:31] Failed to load plugin 'import' declared in 'web/package.json » eslint-config-react-app': Cannot find module 'eslint-plugin-import' Require stack: - /home/luis/Documentos/Semana-OmniStack10/__placeholder__.js
[Info  - 23:36:32] Failed to load plugin 'import' declared in 'web/package.json » eslint-config-react-app': Cannot find module 'eslint-plugin-import' Require stack: - /home/luis/Documentos/Semana-OmniStack10/__placeholder__.js
[Info  - 23:36:32] Failed to load plugin 'import' declared in 'web/package.json » eslint-config-react-app': Cannot find module 'eslint-plugin-import' Require stack: - /home/luis/Documentos/Semana-OmniStack10/__placeholder__.js
[Info  - 23:36:34] Failed to load plugin 'import' declared in 'web/package.json » eslint-config-react-app': Cannot find module 'eslint-plugin-import' Require stack: - /home/luis/Documentos/Semana-OmniStack10/__placeholder__.js
[Info  - 23:36:34] Failed to load plugin 'import' declared in 'web/package.json » eslint-config-react-app': Cannot find module 'eslint-plugin-import' Require stack: - /home/luis/Documentos/Semana-OmniStack10/__placeholder__.js
[Info  - 23:36:34] Failed to load plugin 'import' declared in 'web/package.json » eslint-config-react-app': Cannot find module 'eslint-plugin-import' Require stack: - /home/luis/Documentos/Semana-OmniStack10/__placeholder__.js
[Info  - 23:36:35] Failed to load plugin 'import' declared in 'web/package.json » eslint-config-react-app': Cannot find module 'eslint-plugin-import' Require stack: - /home/luis/Documentos/Semana-OmniStack10/__placeholder__.js
[Info  - 23:36:35] Failed to load plugin 'import' declared in 'web/package.json » eslint-config-react-app': Cannot find module 'eslint-plugin-import' Require stack: - /home/luis/Documentos/Semana-OmniStack10/__placeholder__.js
[Info  - 23:36:36] Failed to load plugin 'import' declared in 'web/package.json » eslint-config-react-app': Cannot find module 'eslint-plugin-import' Require stack: - /home/luis/Documentos/Semana-OmniStack10/__placeholder__.js
[Info  - 23:36:36] Failed to load plugin 'import' declared in 'web/package.json » eslint-config-react-app': Cannot find module 'eslint-plugin-import' Require stack: - /home/luis/Documentos/Semana-OmniStack10/__placeholder__.js
[Info  - 23:36:37] Failed to load plugin 'import' declared in 'web/package.json » eslint-config-react-app': Cannot find module 'eslint-plugin-import' Require stack: - /home/luis/Documentos/Semana-OmniStack10/__placeholder__.js
[Info  - 23:36:37] Failed to load plugin 'import' declared in 'web/package.json » eslint-config-react-app': Cannot find module 'eslint-plugin-import' Require stack: - /home/luis/Documentos/Semana-OmniStack10/__placeholder__.js
[Info  - 23:36:39] Failed to load plugin 'import' declared in 'web/package.json » eslint-config-react-app': Cannot find module 'eslint-plugin-import' Require stack: - /home/luis/Documentos/Semana-OmniStack10/__placeholder__.js
[Info  - 23:36:41] Failed to load plugin 'import' declared in 'web/package.json » eslint-config-react-app': Cannot find module 'eslint-plugin-import' Require stack: - /home/luis/Documentos/Semana-OmniStack10/__placeholder__.js
[Info  - 23:36:41] Failed to load plugin 'import' declared in 'web/package.json » eslint-config-react-app': Cannot find module 'eslint-plugin-import' Require stack: - /home/luis/Documentos/Semana-OmniStack10/__placeholder__.js
[Info  - 23:36:41] Failed to load plugin 'import' declared in 'web/package.json » eslint-config-react-app': Cannot find module 'eslint-plugin-import' Require stack: - /home/luis/Documentos/Semana-OmniStack10/__placeholder__.js
[Info  - 23:36:41] Failed to load plugin 'import' declared in 'web/package.json » eslint-config-react-app': Cannot find module 'eslint-plugin-import' Require stack: - /home/luis/Documentos/Semana-OmniStack10/__placeholder__.js
[Info  - 23:36:42] Failed to load plugin 'import' declared in 'web/package.json » eslint-config-react-app': Cannot find module 'eslint-plugin-import' Require stack: - /home/luis/Documentos/Semana-OmniStack10/__placeholder__.js
[Info  - 23:36:42] Failed to load plugin 'import' declared in 'web/package.json » eslint-config-react-app': Cannot find module 'eslint-plugin-import' Require stack: - /home/luis/Documentos/Semana-OmniStack10/__placeholder__.js
[Info  - 23:36:42] Failed to load plugin 'import' declared in 'web/package.json » eslint-config-react-app': Cannot find module 'eslint-plugin-import' Require stack: - /home/luis/Documentos/Semana-OmniStack10/__placeholder__.js
[Info  - 23:36:43] Failed to load plugin 'import' declared in 'web/package.json » eslint-config-react-app': Cannot find module 'eslint-plugin-import' Require stack: - /home/luis/Documentos/Semana-OmniStack10/__placeholder__.js
[Info  - 23:36:45] Failed to load plugin 'import' declared in 'web/package.json » eslint-config-react-app': Cannot find module 'eslint-plugin-import' Require stack: - /home/luis/Documentos/Semana-OmniStack10/__placeholder__.js
[Info  - 23:36:57] Failed to load plugin 'import' declared in 'web/package.json » eslint-config-react-app': Cannot find module 'eslint-plugin-import' Require stack: - /home/luis/Documentos/Semana-OmniStack10/__placeholder__.js
[Info  - 23:36:57] Failed to load plugin 'import' declared in 'web/package.json » eslint-config-react-app': Cannot find module 'eslint-plugin-import' Require stack: - /home/luis/Documentos/Semana-OmniStack10/__placeholder__.js
[Info  - 23:36:57] Failed to load plugin 'import' declared in 'web/package.json » eslint-config-react-app': Cannot find module 'eslint-plugin-import' Require stack: - /home/luis/Documentos/Semana-OmniStack10/__placeholder__.js
[Info  - 23:36:57] Failed to load plugin 'import' declared in 'web/package.json » eslint-config-react-app': Cannot find module 'eslint-plugin-import' Require stack: - /home/luis/Documentos/Semana-OmniStack10/__placeholder__.js
[Info  - 23:36:58] Failed to load plugin 'import' declared in 'web/package.json » eslint-config-react-app': Cannot find module 'eslint-plugin-import' Require stack: - /home/luis/Documentos/Semana-OmniStack10/__placeholder__.js
[Info  - 23:36:58] Failed to load plugin 'import' declared in 'web/package.json » eslint-config-react-app': Cannot find module 'eslint-plugin-import' Require stack: - /home/luis/Documentos/Semana-OmniStack10/__placeholder__.js
[Info  - 23:36:59] Failed to load plugin 'import' declared in 'web/package.json » eslint-config-react-app': Cannot find module 'eslint-plugin-import' Require stack: - /home/luis/Documentos/Semana-OmniStack10/__placeholder__.js
[Info  - 23:36:59] Failed to load plugin 'import' declared in 'web/package.json » eslint-config-react-app': Cannot find module 'eslint-plugin-import' Require stack: - /home/luis/Documentos/Semana-OmniStack10/__placeholder__.js
[Info  - 23:37:00] Failed to load plugin 'import' declared in 'web/package.json » eslint-config-react-app': Cannot find module 'eslint-plugin-import' Require stack: - /home/luis/Documentos/Semana-OmniStack10/__placeholder__.js
[Info  - 23:37:00] Failed to load plugin 'import' declared in 'web/package.json » eslint-config-react-app': Cannot find module 'eslint-plugin-import' Require stack: - /home/luis/Documentos/Semana-OmniStack10/__placeholder__.js
[Info  - 23:37:01] Failed to load plugin 'import' declared in 'web/package.json » eslint-config-react-app': Cannot find module 'eslint-plugin-import' Require stack: - /home/luis/Documentos/Semana-OmniStack10/__placeholder__.js
[Info  - 23:37:02] Failed to load plugin 'import' declared in 'web/package.json » eslint-config-react-app': Cannot find module 'eslint-plugin-import' Require stack: - /home/luis/Documentos/Semana-OmniStack10/__placeholder__.js
[Info  - 23:37:02] Failed to load plugin 'import' declared in 'web/package.json » eslint-config-react-app': Cannot find module 'eslint-plugin-import' Require stack: - /home/luis/Documentos/Semana-OmniStack10/__placeholder__.js
[Info  - 23:37:02] Failed to load plugin 'import' declared in 'web/package.json » eslint-config-react-app': Cannot find module 'eslint-plugin-import' Require stack: - /home/luis/Documentos/Semana-OmniStack10/__placeholder__.js
[Info  - 23:37:03] Failed to load plugin 'import' declared in 'web/package.json » eslint-config-react-app': Cannot find module 'eslint-plugin-import' Require stack: - /home/luis/Documentos/Semana-OmniStack10/__placeholder__.js
[Info  - 23:37:04] Failed to load plugin 'import' declared in 'web/package.json » eslint-config-react-app': Cannot find module 'eslint-plugin-import' Require stack: - /home/luis/Documentos/Semana-OmniStack10/__placeholder__.js
[Info  - 23:37:04] Failed to load plugin 'import' declared in 'web/package.json » eslint-config-react-app': Cannot find module 'eslint-plugin-import' Require stack: - /home/luis/Documentos/Semana-OmniStack10/__placeholder__.js
[Info  - 23:37:04] Failed to load plugin 'import' declared in 'web/package.json » eslint-config-react-app': Cannot find module 'eslint-plugin-import' Require stack: - /home/luis/Documentos/Semana-OmniStack10/__placeholder__.js
[Info  - 23:37:05] Failed to load plugin 'import' declared in 'web/package.json » eslint-config-react-app': Cannot find module 'eslint-plugin-import' Require stack: - /home/luis/Documentos/Semana-OmniStack10/__placeholder__.js
[Info  - 23:37:05] Failed to load plugin 'import' declared in 'web/package.json » eslint-config-react-app': Cannot find module 'eslint-plugin-import' Require stack: - /home/luis/Documentos/Semana-OmniStack10/__placeholder__.js
[Info  - 23:37:05] Failed to load plugin 'import' declared in 'web/package.json » eslint-config-react-app': Cannot find module 'eslint-plugin-import' Require stack: - /home/luis/Documentos/Semana-OmniStack10/__placeholder__.js
[Info  - 23:37:06] Failed to load plugin 'import' declared in 'web/package.json » eslint-config-react-app': Cannot find module 'eslint-plugin-import' Require stack: - /home/luis/Documentos/Semana-OmniStack10/__placeholder__.js
[Info  - 23:37:07] Failed to load plugin 'import' declared in 'web/package.json » eslint-config-react-app': Cannot find module 'eslint-plugin-import' Require stack: - /home/luis/Documentos/Semana-OmniStack10/__placeholder__.js
[Info  - 23:43:35] Failed to load plugin 'import' declared in 'web/package.json » eslint-config-react-app': Cannot find module 'eslint-plugin-import' Require stack: - /home/luis/Documentos/Semana-OmniStack10/__placeholder__.js
[Info  - 23:46:03] Failed to load plugin 'import' declared in 'web/package.json » eslint-config-react-app': Cannot find module 'eslint-plugin-import' Require stack: - /home/luis/Documentos/Semana-OmniStack10/__placeholder__.js
[Info  - 23:46:04] Failed to load plugin 'import' declared in 'web/package.json » eslint-config-react-app': Cannot find module 'eslint-plugin-import' Require stack: - /home/luis/Documentos/Semana-OmniStack10/__placeholder__.js
[Info  - 23:46:04] Failed to load plugin 'import' declared in 'web/package.json » eslint-config-react-app': Cannot find module 'eslint-plugin-import' Require stack: - /home/luis/Documentos/Semana-OmniStack10/__placeholder__.js
[Info  - 23:46:05] Failed to load plugin 'import' declared in 'web/package.json » eslint-config-react-app': Cannot find module 'eslint-plugin-import' Require stack: - /home/luis/Documentos/Semana-OmniStack10/__placeholder__.js
[Info  - 23:46:10] Failed to load plugin 'import' declared in 'web/package.json » eslint-config-react-app': Cannot find module 'eslint-plugin-import' Require stack: - /home/luis/Documentos/Semana-OmniStack10/__placeholder__.js
[Info  - 23:46:11] Failed to load plugin 'import' declared in 'web/package.json » eslint-config-react-app': Cannot find module 'eslint-plugin-import' Require stack: - /home/luis/Documentos/Semana-OmniStack10/__placeholder__.js
[Info  - 23:46:12] Failed to load plugin 'import' declared in 'web/package.json » eslint-config-react-app': Cannot find module 'eslint-plugin-import' Require stack: - /home/luis/Documentos/Semana-OmniStack10/__placeholder__.js
[Info  - 23:46:15] Failed to load plugin 'import' declared in 'web/package.json » eslint-config-react-app': Cannot find module 'eslint-plugin-import' Require stack: - /home/luis/Documentos/Semana-OmniStack10/__placeholder__.js
[Info  - 23:49:06] Failed to load plugin 'import' declared in 'web/package.json » eslint-config-react-app': Cannot find module 'eslint-plugin-import' Require stack: - /home/luis/Documentos/Semana-OmniStack10/__placeholder__.js
[Info  - 23:49:28] Failed to load plugin 'import' declared in 'web/package.json » eslint-config-react-app': Cannot find module 'eslint-plugin-import' Require stack: - /home/luis/Documentos/Semana-OmniStack10/__placeholder__.js
[Info  - 00:12:18] Failed to load plugin 'import' declared in 'web/package.json » eslint-config-react-app': Cannot find module 'eslint-plugin-import' Require stack: - /home/luis/Documentos/Semana-OmniStack10/__placeholder__.js
[Info  - 00:12:22] Failed to load plugin 'import' declared in 'web/package.json » eslint-config-react-app': Cannot find module 'eslint-plugin-import' Require stack: - /home/luis/Documentos/Semana-OmniStack10/__placeholder__.js
[Info  - 00:12:24] Failed to load plugin 'import' declared in 'web/package.json » eslint-config-react-app': Cannot find module 'eslint-plugin-import' Require stack: - /home/luis/Documentos/Semana-OmniStack10/__placeholder__.js
[Info  - 00:12:25] Failed to load plugin 'import' declared in 'web/package.json » eslint-config-react-app': Cannot find module 'eslint-plugin-import' Require stack: - /home/luis/Documentos/Semana-OmniStack10/__placeholder__.js
[Info  - 00:12:25] Failed to load plugin 'import' declared in 'web/package.json » eslint-config-react-app': Cannot find module 'eslint-plugin-import' Require stack: - /home/luis/Documentos/Semana-OmniStack10/__placeholder__.js
[Info  - 00:12:26] Failed to load plugin 'import' declared in 'web/package.json » eslint-config-react-app': Cannot find module 'eslint-plugin-import' Require stack: - /home/luis/Documentos/Semana-OmniStack10/__placeholder__.js
[Info  - 00:12:26] Failed to load plugin 'import' declared in 'web/package.json » eslint-config-react-app': Cannot find module 'eslint-plugin-import' Require stack: - /home/luis/Documentos/Semana-OmniStack10/__placeholder__.js
[Info  - 00:12:28] Failed to load plugin 'import' declared in 'web/package.json » eslint-config-react-app': Cannot find module 'eslint-plugin-import' Require stack: - /home/luis/Documentos/Semana-OmniStack10/__placeholder__.js
[Info  - 00:12:28] Failed to load plugin 'import' declared in 'web/package.json » eslint-config-react-app': Cannot find module 'eslint-plugin-import' Require stack: - /home/luis/Documentos/Semana-OmniStack10/__placeholder__.js
[Info  - 00:12:31] Failed to load plugin 'import' declared in 'web/package.json » eslint-config-react-app': Cannot find module 'eslint-plugin-import' Require stack: - /home/luis/Documentos/Semana-OmniStack10/__placeholder__.js
[Info  - 00:12:33] Failed to load plugin 'import' declared in 'web/package.json » eslint-config-react-app': Cannot find module 'eslint-plugin-import' Require stack: - /home/luis/Documentos/Semana-OmniStack10/__placeholder__.js
[Info  - 00:12:33] Failed to load plugin 'import' declared in 'web/package.json » eslint-config-react-app': Cannot find module 'eslint-plugin-import' Require stack: - /home/luis/Documentos/Semana-OmniStack10/__placeholder__.js
[Info  - 00:12:43] Failed to load plugin 'import' declared in 'web/package.json » eslint-config-react-app': Cannot find module 'eslint-plugin-import' Require stack: - /home/luis/Documentos/Semana-OmniStack10/__placeholder__.js
[Info  - 00:12:45] Failed to load plugin 'import' declared in 'web/package.json » eslint-config-react-app': Cannot find module 'eslint-plugin-import' Require stack: - /home/luis/Documentos/Semana-OmniStack10/__placeholder__.js
[Info  - 00:12:46] Failed to load plugin 'import' declared in 'web/package.json » eslint-config-react-app': Cannot find module 'eslint-plugin-import' Require stack: - /home/luis/Documentos/Semana-OmniStack10/__placeholder__.js
[Info  - 00:12:46] Failed to load plugin 'import' declared in 'web/package.json » eslint-config-react-app': Cannot find module 'eslint-plugin-import' Require stack: - /home/luis/Documentos/Semana-OmniStack10/__placeholder__.js
[Info  - 00:12:46] Failed to load plugin 'import' declared in 'web/package.json » eslint-config-react-app': Cannot find module 'eslint-plugin-import' Require stack: - /home/luis/Documentos/Semana-OmniStack10/__placeholder__.js
[Info  - 00:12:47] Failed to load plugin 'import' declared in 'web/package.json » eslint-config-react-app': Cannot find module 'eslint-plugin-import' Require stack: - /home/luis/Documentos/Semana-OmniStack10/__placeholder__.js
[Info  - 00:12:48] Failed to load plugin 'import' declared in 'web/package.json » eslint-config-react-app': Cannot find module 'eslint-plugin-import' Require stack: - /home/luis/Documentos/Semana-OmniStack10/__placeholder__.js
[Info  - 00:12:48] Failed to load plugin 'import' declared in 'web/package.json » eslint-config-react-app': Cannot find module 'eslint-plugin-import' Require stack: - /home/luis/Documentos/Semana-OmniStack10/__placeholder__.js
[Info  - 00:12:49] Failed to load plugin 'import' declared in 'web/package.json » eslint-config-react-app': Cannot find module 'eslint-plugin-import' Require stack: - /home/luis/Documentos/Semana-OmniStack10/__placeholder__.js
[Info  - 00:12:49] Failed to load plugin 'import' declared in 'web/package.json » eslint-config-react-app': Cannot find module 'eslint-plugin-import' Require stack: - /home/luis/Documentos/Semana-OmniStack10/__placeholder__.js
[Info  - 00:12:50] Failed to load plugin 'import' declared in 'web/package.json » eslint-config-react-app': Cannot find module 'eslint-plugin-import' Require stack: - /home/luis/Documentos/Semana-OmniStack10/__placeholder__.js
[Info  - 00:12:52] Failed to load plugin 'import' declared in 'web/package.json » eslint-config-react-app': Cannot find module 'eslint-plugin-import' Require stack: - /home/luis/Documentos/Semana-OmniStack10/__placeholder__.js
[Info  - 00:12:53] Failed to load plugin 'import' declared in 'web/package.json » eslint-config-react-app': Cannot find module 'eslint-plugin-import' Require stack: - /home/luis/Documentos/Semana-OmniStack10/__placeholder__.js
[Info  - 00:12:53] Failed to load plugin 'import' declared in 'web/package.json » eslint-config-react-app': Cannot find module 'eslint-plugin-import' Require stack: - /home/luis/Documentos/Semana-OmniStack10/__placeholder__.js
[Info  - 00:12:54] Failed to load plugin 'import' declared in 'web/package.json » eslint-config-react-app': Cannot find module 'eslint-plugin-import' Require stack: - /home/luis/Documentos/Semana-OmniStack10/__placeholder__.js
[Info  - 00:12:54] Failed to load plugin 'import' declared in 'web/package.json » eslint-config-react-app': Cannot find module 'eslint-plugin-import' Require stack: - /home/luis/Documentos/Semana-OmniStack10/__placeholder__.js
[Info  - 00:12:54] Failed to load plugin 'import' declared in 'web/package.json » eslint-config-react-app': Cannot find module 'eslint-plugin-import' Require stack: - /home/luis/Documentos/Semana-OmniStack10/__placeholder__.js
