Initializing document watcher...
Semana-OmniStack10/web/src/App.js: Using EditorConfig core...
Semana-OmniStack10/web/src/App.js: Using EditorConfig core...
Semana-OmniStack10/web/src/App.js: Using EditorConfig core...
Semana-OmniStack10/web/src/App.js: Using EditorConfig core...
Semana-OmniStack10/web/src/App.js: Using EditorConfig core...
Semana-OmniStack10/web/src/App.js: Using EditorConfig core...
Semana-OmniStack10/backend/src/index.js: {}
Semana-OmniStack10/backend/src/index.js: Using EditorConfig core...
Semana-OmniStack10/backend/src/index.js: {}
Semana-OmniStack10/web/src/app.css: {}
Semana-OmniStack10/backend/src/index.js: {}
Semana-OmniStack10/web/src/main.css: {}
Semana-OmniStack10/web/src/main.css: Using EditorConfig core...
Semana-OmniStack10/web/src/main.css: {}
Semana-OmniStack10/backend/src/index.js: {}
Semana-OmniStack10/web/src/App.js: {}
Semana-OmniStack10/web/src/App.js: Using EditorConfig core...
Semana-OmniStack10/web/src/App.js: {}
Semana-OmniStack10/web/src/App.js: {}
Semana-OmniStack10/web/src/App.js: Using EditorConfig core...
Semana-OmniStack10/web/src/App.js: {}
Semana-OmniStack10/web/src/App.js: {}
Semana-OmniStack10/web/src/App.js: Using EditorConfig core...
Semana-OmniStack10/web/src/App.js: {}
Semana-OmniStack10/web/src/App.js: {}
Semana-OmniStack10/web/src/App.js: {}
Semana-OmniStack10/web/src/App.js: {}
Semana-OmniStack10/web/src/App.js: {}
Semana-OmniStack10/web/src/App.js: {}
Semana-OmniStack10/web/src/App.js: {}
Semana-OmniStack10/web/src/Components/DevItem/index.js: {}
Semana-OmniStack10/web/src/Components/DevItem/index.js: {}
Semana-OmniStack10/web/src/Components/DevItem/styles.css: {}
Semana-OmniStack10/web/src/Components/DevItem/styles.css: {}
Semana-OmniStack10/web/src/Components/DevItem/styles.css: Using EditorConfig core...
Semana-OmniStack10/web/src/Components/DevItem/index.js: {}
Semana-OmniStack10/web/src/Components/DevItem/index.js: Using EditorConfig core...
Semana-OmniStack10/web/src/App.js: {}
Semana-OmniStack10/web/src/Components/DevItem/index.js: {}
Semana-OmniStack10/web/src/Components/DevItem/index.js: Using EditorConfig core...
Semana-OmniStack10/web/src/Components/DevItem/index.js: {}
Semana-OmniStack10/web/src/Components/DevItem/index.js: {}
Semana-OmniStack10/web/src/Components/DevItem/index.js: Using EditorConfig core...
Semana-OmniStack10/web/src/Components/DevItem/index.js: {}
Semana-OmniStack10/web/src/Components/DevItem/index.js: Using EditorConfig core...
Semana-OmniStack10/web/src/App.js: {}
Semana-OmniStack10/web/src/App.js: Using EditorConfig core...
Semana-OmniStack10/web/src/App.js: Using EditorConfig core...
Semana-OmniStack10/web/src/App.js: {}
Semana-OmniStack10/web/src/App.js: {}
Semana-OmniStack10/web/src/App.js: Using EditorConfig core...
Semana-OmniStack10/web/src/Components/DevItem/index.js: {}
Semana-OmniStack10/web/src/Components/DevItem/index.js: Using EditorConfig core...
Semana-OmniStack10/web/src/Components/DevItem/index.js: {}
Semana-OmniStack10/web/src/main.css: {}
Semana-OmniStack10/web/src/main.css: Using EditorConfig core...
Semana-OmniStack10/web/src/main.css: {}
Semana-OmniStack10/web/src/main.css: {}
Semana-OmniStack10/web/src/main.css: Using EditorConfig core...
Semana-OmniStack10/web/src/main.css: {}
Semana-OmniStack10/web/src/Components/DevItem/styles.css: {}
Semana-OmniStack10/web/src/Components/DevItem/styles.css: Using EditorConfig core...
Semana-OmniStack10/web/src/Components/DevForm/index.js: {}
Semana-OmniStack10/web/src/Components/DevForm/styles.css: {}
Semana-OmniStack10/web/src/Components/DevForm/index.js: {}
Semana-OmniStack10/web/src/Components/DevForm/index.js: Using EditorConfig core...
Semana-OmniStack10/web/src/main.css: {}
Semana-OmniStack10/web/src/Components/DevForm/index.js: {}
Semana-OmniStack10/web/src/Components/DevItem/styles.css: {}
Semana-OmniStack10/web/src/Components/DevForm/index.js: {}
Semana-OmniStack10/web/src/Components/DevForm/styles.css: {}
Semana-OmniStack10/web/src/Components/DevItem/index.js: {}
Semana-OmniStack10/web/src/Components/DevForm/styles.css: {}
Semana-OmniStack10/web/src/Components/DevForm/styles.css: {}
Semana-OmniStack10/web/src/App.js: {}
Semana-OmniStack10/web/src/Components/DevForm/index.js: {}
Semana-OmniStack10/web/src/Components/DevForm/index.js: Using EditorConfig core...
Semana-OmniStack10/web/src/Components/DevForm/index.js: Using EditorConfig core...
Semana-OmniStack10/web/src/App.js: {}
Semana-OmniStack10/web/src/App.js: Using EditorConfig core...
Semana-OmniStack10/web/src/App.js: {}
Semana-OmniStack10/web/src/App.js: Using EditorConfig core...
Semana-OmniStack10/web/src/Components/DevForm/index.js: {}
Semana-OmniStack10/web/src/Components/DevForm/index.js: Using EditorConfig core...
Semana-OmniStack10/web/src/Components/DevForm/index.js: {}
Semana-OmniStack10/web/src/Components/DevForm/index.js: Using EditorConfig core...
Semana-OmniStack10/web/src/Components/DevForm/index.js: {}
Semana-OmniStack10/web/src/App.js: {}
Semana-OmniStack10/web/src/App.js: {}
Semana-OmniStack10/web/src/Components/DevForm/index.js: {}
Semana-OmniStack10/web/src/Components/DevForm/index.js: Using EditorConfig core...
Semana-OmniStack10/web/src/Components/DevForm/index.js: {}
Semana-OmniStack10/web/src/App.js: {}
Semana-OmniStack10/web/src/App.js: Using EditorConfig core...
Semana-OmniStack10/web/src/App.js: {}
Semana-OmniStack10/web/src/App.js: Using EditorConfig core...
Semana-OmniStack10/web/src/App.js: {}
Semana-OmniStack10/web/src/App.js: {}
Semana-OmniStack10/web/src/App.js: Using EditorConfig core...
Semana-OmniStack10/web/src/App.js: {}
Semana-OmniStack10/web/src/Components/DevForm/index.js: {}
Semana-OmniStack10/web/src/Components/DevForm/index.js: Using EditorConfig core...
Semana-OmniStack10/web/src/Components/DevForm/index.js: {}
Semana-OmniStack10/web/src/Components/DevForm/index.js: {}
Semana-OmniStack10/web/src/Components/DevForm/index.js: {}
Semana-OmniStack10/web/src/Components/DevForm/index.js: Using EditorConfig core...
Semana-OmniStack10/web/src/Components/DevForm/index.js: {}
Semana-OmniStack10/web/src/Components/DevForm/index.js: Using EditorConfig core...
Semana-OmniStack10/web/src/Components/DevForm/index.js: {}
Semana-OmniStack10/web/src/App.js: {}
Semana-OmniStack10/web/src/App.js: Using EditorConfig core...
Semana-OmniStack10/web/src/App.js: {}
Semana-OmniStack10/web/src/App.js: Using EditorConfig core...
Semana-OmniStack10/web/src/App.js: {}
Semana-OmniStack10/web/src/Components/DevForm/index.js: {}
Semana-OmniStack10/web/src/App.js: {}
Semana-OmniStack10/web/src/App.js: {}
Semana-OmniStack10/web/src/Components/DevForm/index.js: {}
Semana-OmniStack10/web/src/Components/DevForm/index.js: Using EditorConfig core...
Semana-OmniStack10/web/src/App.js: {}
Semana-OmniStack10/web/src/App.js: Using EditorConfig core...
Semana-OmniStack10/web/src/App.js: Using EditorConfig core...
Semana-OmniStack10/web/src/App.js: {}
Semana-OmniStack10/web/src/Components/DevForm/index.js: {}
Semana-OmniStack10/web/src/Components/DevForm/index.js: {}
Semana-OmniStack10/web/src/App.js: {}
Semana-OmniStack10/web/src/Components/DevForm/index.js: {}
Semana-OmniStack10/web/src/Components/DevForm/index.js: Using EditorConfig core...
Semana-OmniStack10/web/src/App.js: {}
Semana-OmniStack10/web/src/App.js: Using EditorConfig core...
Semana-OmniStack10/web/src/App.js: {}
Semana-OmniStack10/web/src/Components/DevForm/index.js: {}
Semana-OmniStack10/web/src/Components/DevForm/index.js: Using EditorConfig core...
Semana-OmniStack10/web/src/Components/DevForm/index.js: {}
Semana-OmniStack10/web/src/Components/DevForm/index.js: Using EditorConfig core...
Semana-OmniStack10/web/src/Components/DevForm/index.js: {}
Semana-OmniStack10/web/src/Components/DevForm/index.js: {}
Semana-OmniStack10/web/src/Components/DevForm/index.js: {}
Semana-OmniStack10/web/src/App.js: {}
Semana-OmniStack10/web/src/Components/DevForm/styles.css: {}
No more open editors.
No more open editors.
