Looking for git in: git
Using git 2.20.1 from git
> git rev-parse --show-toplevel
fatal: not a git repository (or any of the parent directories): .git
> git rev-parse --show-toplevel
fatal: not a git repository (or any of the parent directories): .git
> git rev-parse --show-toplevel
fatal: not a git repository (or any of the parent directories): .git
> git rev-parse --show-toplevel
> git rev-parse --show-toplevel
fatal: not a git repository (or any of the parent directories): .git
> git rev-parse --show-toplevel
> git rev-parse --show-toplevel
fatal: not a git repository (or any of the parent directories): .git
> git rev-parse --show-toplevel
> git rev-parse --git-dir
Open repository: /home/luis/Documentos/Semana OmniStack
> git status -z -u
> git symbolic-ref --short HEAD
> git rev-parse master
fatal: ambiguous argument 'master': unknown revision or path not in the working tree.
Use '--' to separate paths from revisions, like this:
'git <command> [<revision>...] -- [<file>...]'
> git for-each-ref --format %(refname) %(objectname) --sort -committerdate
> git remote --verbose
> git config --get commit.template
> git check-ignore -v -z --stdin
> git show :backend/src/routes.js
> git show :backend/src/index.js
> git status -z -u
> git symbolic-ref --short HEAD
> git rev-parse master
fatal: ambiguous argument 'master': unknown revision or path not in the working tree.
Use '--' to separate paths from revisions, like this:
'git <command> [<revision>...] -- [<file>...]'
> git for-each-ref --format %(refname) %(objectname) --sort -committerdate
> git remote --verbose
> git config --get commit.template
