Initializing document watcher...
Semana-OmniStack10/backend/src/controllers/DevController.js: {}
Semana-OmniStack10/backend/src/controllers/SearchController.js: {}
Semana-OmniStack10/backend/src/controllers/SearchController.js: {}
Semana-OmniStack10/backend/src/utils/ParseStringAsArray.js: {}
Semana-OmniStack10/backend/src/utils/ParseStringAsArray.js: Using EditorConfig core...
Semana-OmniStack10/backend/src/utils/ParseStringAsArray.js: {}
Semana-OmniStack10/backend/src/controllers/SearchController.js: {}
Semana-OmniStack10/backend/src/controllers/SearchController.js: Using EditorConfig core...
Semana-OmniStack10/backend/src/routes.js: {}
Semana-OmniStack10/backend/src/index.js: {}
Semana-OmniStack10/backend/src/index.js: Using EditorConfig core...
Semana-OmniStack10/backend/src/index.js: {}
Semana-OmniStack10/backend/src/index.js: {}
Semana-OmniStack10/backend/src/index.js: Using EditorConfig core...
Semana-OmniStack10/backend/src/index.js: {}
Semana-OmniStack10/backend/src/index.js: {}
Semana-OmniStack10/backend/src/index.js: {}
Semana-OmniStack10/backend/src/index.js: {}
Semana-OmniStack10/backend/src/index.js: {}
No more open editors.
No more open editors.
No more open editors.
No more open editors.
No more open editors.
No more open editors.
No more open editors.
Semana-OmniStack10/web/src/logo.svg: {}
Semana-OmniStack10/web/src/logo.svg: {}
Semana-OmniStack10/web/src/setupTests.js: {}
No more open editors.
Semana-OmniStack10/web/src/setupTests.js: {}
Semana-OmniStack10/web/src/serviceWorker.js: {}
Semana-OmniStack10/web/src/index.js: {}
Semana-OmniStack10/web/src/index.js: Using EditorConfig core...
Semana-OmniStack10/web/src/App.js: {}
Semana-OmniStack10/web/src/App.js: Using EditorConfig core...
Semana-OmniStack10/web/src/App.js: Using EditorConfig core...
Semana-OmniStack10/web/src/App.js: {}
Semana-OmniStack10/web/src/global.css: {}
Semana-OmniStack10/web/src/global.css: {}
Semana-OmniStack10/web/src/global.css: Using EditorConfig core...
Semana-OmniStack10/web/src/global.css: Using EditorConfig core...
Semana-OmniStack10/web/src/global.css: Using EditorConfig core...
Semana-OmniStack10/web/src/global.css: {}
Semana-OmniStack10/web/src/global.css: Using EditorConfig core...
Semana-OmniStack10/web/src/global.css: {}
Semana-OmniStack10/web/src/App.js: {}
Semana-OmniStack10/web/src/App.js: Using EditorConfig core...
Semana-OmniStack10/web/src/App.js: Using EditorConfig core...
Semana-OmniStack10/web/src/App.js: {}
Semana-OmniStack10/web/src/App.js: Using EditorConfig core...
Semana-OmniStack10/web/src/global.css: {}
Semana-OmniStack10/web/src/global.css: Using EditorConfig core...
Semana-OmniStack10/web/src/App.js: {}
Semana-OmniStack10/web/src/app.css: {}
Semana-OmniStack10/web/src/app.css: {}
Semana-OmniStack10/web/src/app.css: Using EditorConfig core...
Semana-OmniStack10/web/src/app.css: {}
Semana-OmniStack10/web/src/app.css: Using EditorConfig core...
Semana-OmniStack10/web/src/app.css: {}
Semana-OmniStack10/web/src/App.js: {}
Semana-OmniStack10/web/src/index.js: {}
Semana-OmniStack10/web/src/App.js: {}
Semana-OmniStack10/web/src/App.js: Using EditorConfig core...
Semana-OmniStack10/web/src/App.js: {}
Semana-OmniStack10/web/src/App.js: Using EditorConfig core...
Semana-OmniStack10/web/src/App.js: Using EditorConfig core...
Semana-OmniStack10/web/src/App.js: Using EditorConfig core...
Semana-OmniStack10/web/src/App.js: {}
Semana-OmniStack10/~/.vscode-root/User/settings.json: {}
Semana-OmniStack10/~/.vscode-root/User/settings.json: {}
Semana-OmniStack10/~/.vscode-root/User/settings.json: {}
Semana-OmniStack10/~/.vscode-root/User/settings.json: Using EditorConfig core...
Semana-OmniStack10/~/.vscode-root/User/settings.json: {}
Semana-OmniStack10/~/.vscode-root/User/settings.json: Using EditorConfig core...
Semana-OmniStack10/~/.vscode-root/User/settings.json: {}
Semana-OmniStack10/~/.vscode-root/User/settings.json: {}
Semana-OmniStack10/~/.vscode-root/User/settings.json: Using EditorConfig core...
Semana-OmniStack10/~/.vscode-root/User/settings.json: Using EditorConfig core...
Semana-OmniStack10/web/src/App.js: {}
Semana-OmniStack10/web/src/App.js: {}
/defaultSettings.json: {}
Semana-OmniStack10/web/src/App.js: {}
Semana-OmniStack10/~/.vscode-root/User/settings.json: {}
Semana-OmniStack10/~/.vscode-root/User/settings.json: Using EditorConfig core...
Semana-OmniStack10/~/.vscode-root/User/settings.json: {}
Semana-OmniStack10/web/src/App.js: {}
Semana-OmniStack10/web/src/App.js: {}
Semana-OmniStack10/web/src/App.js: Using EditorConfig core...
No more open editors.
Semana-OmniStack10/web/src/App.js: {}
Semana-OmniStack10/web/src/App.js: Using EditorConfig core...
Semana-OmniStack10/web/src/App.js: {}
Semana-OmniStack10/web/src/App.js: Using EditorConfig core...
Semana-OmniStack10/web/src/App.js: Using EditorConfig core...
Semana-OmniStack10/web/src/App.js: {}
Semana-OmniStack10/web/src/sidebar.css: {}
Semana-OmniStack10/web/src/App.js: {}
Semana-OmniStack10/web/src/App.js: Using EditorConfig core...
Semana-OmniStack10/web/src/App.js: Using EditorConfig core...
Semana-OmniStack10/web/src/sidebar.css: {}
Semana-OmniStack10/web/src/sidebar.css: {}
Semana-OmniStack10/web/src/sidebar.css: Using EditorConfig core...
Semana-OmniStack10/web/src/sidebar.css: {}
Semana-OmniStack10/web/src/sidebar.css: Using EditorConfig core...
Semana-OmniStack10/web/src/sidebar.css: {}
Semana-OmniStack10/web/src/App.js: {}
Semana-OmniStack10/web/src/App.js: {}
Semana-OmniStack10/web/src/sidebar.css: {}
Semana-OmniStack10/web/src/sidebar.css: Using EditorConfig core...
Semana-OmniStack10/web/src/sidebar.css: {}
Semana-OmniStack10/web/src/sidebar.css: {}
Semana-OmniStack10/web/src/sidebar.css: Using EditorConfig core...
Semana-OmniStack10/web/src/sidebar.css: {}
Semana-OmniStack10/web/src/sidebar.css: Using EditorConfig core...
Semana-OmniStack10/web/src/sidebar.css: {}
Semana-OmniStack10/web/src/sidebar.css: Using EditorConfig core...
Semana-OmniStack10/web/src/sidebar.css: {}
Semana-OmniStack10/web/src/sidebar.css: Using EditorConfig core...
Semana-OmniStack10/web/src/sidebar.css: {}
Semana-OmniStack10/web/src/sidebar.css: Using EditorConfig core...
Semana-OmniStack10/web/src/sidebar.css: {}
Semana-OmniStack10/web/src/sidebar.css: {}
Semana-OmniStack10/web/src/App.js: {}
Semana-OmniStack10/web/src/App.js: {}
Semana-OmniStack10/web/src/sidebar.css: {}
Semana-OmniStack10/web/src/sidebar.css: Using EditorConfig core...
Semana-OmniStack10/web/src/sidebar.css: {}
Semana-OmniStack10/web/src/sidebar.css: {}
Semana-OmniStack10/web/src/sidebar.css: Using EditorConfig core...
Semana-OmniStack10/web/src/sidebar.css: {}
Semana-OmniStack10/web/src/sidebar.css: Using EditorConfig core...
Semana-OmniStack10/web/src/sidebar.css: {}
Semana-OmniStack10/web/src/sidebar.css: Using EditorConfig core...
Semana-OmniStack10/web/src/sidebar.css: {}
Semana-OmniStack10/web/src/sidebar.css: Using EditorConfig core...
Semana-OmniStack10/web/src/sidebar.css: {}
Semana-OmniStack10/web/src/sidebar.css: Using EditorConfig core...
Semana-OmniStack10/web/src/sidebar.css: {}
Semana-OmniStack10/web/src/sidebar.css: Using EditorConfig core...
Semana-OmniStack10/web/src/sidebar.css: {}
Semana-OmniStack10/web/src/sidebar.css: Using EditorConfig core...
Semana-OmniStack10/web/src/sidebar.css: {}
Semana-OmniStack10/web/src/sidebar.css: Using EditorConfig core...
Semana-OmniStack10/web/src/sidebar.css: Using EditorConfig core...
Semana-OmniStack10/web/src/sidebar.css: Using EditorConfig core...
Semana-OmniStack10/web/src/sidebar.css: {}
Semana-OmniStack10/web/src/sidebar.css: Using EditorConfig core...
Semana-OmniStack10/web/src/sidebar.css: Using EditorConfig core...
Semana-OmniStack10/web/src/sidebar.css: {}
Semana-OmniStack10/web/src/App.js: {}
Semana-OmniStack10/web/src/App.js: {}
Semana-OmniStack10/web/src/App.js: Using EditorConfig core...
Semana-OmniStack10/web/src/App.js: {}
Semana-OmniStack10/web/src/App.js: Using EditorConfig core...
Semana-OmniStack10/web/src/App.js: {}
Semana-OmniStack10/web/src/App.js: Using EditorConfig core...
Semana-OmniStack10/web/src/App.js: {}
Semana-OmniStack10/web/src/App.js: Using EditorConfig core...
Semana-OmniStack10/web/src/App.js: {}
Semana-OmniStack10/web/src/App.js: Using EditorConfig core...
Semana-OmniStack10/web/src/App.js: {}
Semana-OmniStack10/web/src/App.js: {}
Semana-OmniStack10/web/src/App.js: Using EditorConfig core...
Semana-OmniStack10/web/src/App.js: {}
Semana-OmniStack10/web/src/App.js: {}
Semana-OmniStack10/web/src/App.js: {}
Semana-OmniStack10/web/src/App.js: Using EditorConfig core...
Semana-OmniStack10/web/src/App.js: {}
Semana-OmniStack10/web/src/App.js: Using EditorConfig core...
Semana-OmniStack10/web/src/main.css: {}
Semana-OmniStack10/web/src/main.css: {}
Semana-OmniStack10/web/src/main.css: Using EditorConfig core...
Semana-OmniStack10/web/src/main.css: {}
Semana-OmniStack10/web/src/main.css: Using EditorConfig core...
Semana-OmniStack10/web/src/main.css: {}
Semana-OmniStack10/web/src/App.js: {}
Semana-OmniStack10/web/src/App.js: Using EditorConfig core...
Semana-OmniStack10/web/src/App.js: Using EditorConfig core...
Semana-OmniStack10/web/src/App.js: {}
Semana-OmniStack10/web/src/main.css: {}
Semana-OmniStack10/web/src/main.css: Using EditorConfig core...
Semana-OmniStack10/web/src/main.css: {}
Semana-OmniStack10/web/src/main.css: {}
Semana-OmniStack10/web/src/main.css: {}
Semana-OmniStack10/web/src/main.css: Using EditorConfig core...
Semana-OmniStack10/web/src/main.css: {}
Semana-OmniStack10/web/src/main.css: Using EditorConfig core...
Semana-OmniStack10/web/src/main.css: {}
Semana-OmniStack10/web/src/main.css: Using EditorConfig core...
Semana-OmniStack10/web/src/main.css: Using EditorConfig core...
Semana-OmniStack10/web/src/main.css: {}
Semana-OmniStack10/web/src/App.js: {}
Semana-OmniStack10/web/src/App.js: {}
Semana-OmniStack10/web/src/main.css: {}
Semana-OmniStack10/web/src/main.css: {}
Semana-OmniStack10/web/src/main.css: Using EditorConfig core...
Semana-OmniStack10/web/src/main.css: {}
Semana-OmniStack10/web/src/main.css: Using EditorConfig core...
Semana-OmniStack10/web/src/main.css: Using EditorConfig core...
Semana-OmniStack10/web/src/main.css: {}
Semana-OmniStack10/web/src/main.css: {}
Semana-OmniStack10/web/src/main.css: {}
Semana-OmniStack10/web/src/main.css: {}
Semana-OmniStack10/web/src/main.css: {}
Semana-OmniStack10/web/src/main.css: {}
Semana-OmniStack10/web/src/main.css: Using EditorConfig core...
Semana-OmniStack10/web/src/main.css: Using EditorConfig core...
Semana-OmniStack10/web/src/main.css: {}
Semana-OmniStack10/web/src/main.css: Using EditorConfig core...
Semana-OmniStack10/web/src/main.css: {}
Semana-OmniStack10/web/src/main.css: {}
Semana-OmniStack10/web/src/App.js: {}
Semana-OmniStack10/web/src/app.css: {}
Semana-OmniStack10/web/src/app.css: {}
Semana-OmniStack10/web/src/app.css: {}
Semana-OmniStack10/web/src/app.css: Using EditorConfig core...
Semana-OmniStack10/web/src/app.css: {}
Semana-OmniStack10/web/src/app.css: Using EditorConfig core...
Semana-OmniStack10/web/src/app.css: {}
Semana-OmniStack10/web/src/app.css: {}
Semana-OmniStack10/web/src/app.css: Using EditorConfig core...
Semana-OmniStack10/web/src/app.css: {}
Semana-OmniStack10/web/src/app.css: {}
Semana-OmniStack10/web/src/app.css: {}
Semana-OmniStack10/web/src/app.css: {}
Semana-OmniStack10/web/src/app.css: {}
Semana-OmniStack10/web/src/App.js: {}
Semana-OmniStack10/web/src/App.js: {}
Semana-OmniStack10/web/src/main.css: {}
Semana-OmniStack10/web/src/main.css: {}
Semana-OmniStack10/web/src/main.css: Using EditorConfig core...
Semana-OmniStack10/web/src/main.css: {}
Semana-OmniStack10/web/src/App.js: {}
Semana-OmniStack10/web/src/App.js: {}
Semana-OmniStack10/web/src/App.js: Using EditorConfig core...
Semana-OmniStack10/web/src/App.js: {}
Semana-OmniStack10/web/src/App.js: Using EditorConfig core...
Semana-OmniStack10/web/src/App.js: {}
Semana-OmniStack10/web/src/App.js: Using EditorConfig core...
Semana-OmniStack10/web/src/App.js: {}
Semana-OmniStack10/web/src/App.js: {}
Semana-OmniStack10/web/src/app.css: {}
Semana-OmniStack10/web/src/main.css: {}
Semana-OmniStack10/web/src/App.js: {}
Semana-OmniStack10/web/src/main.css: {}
Semana-OmniStack10/web/src/main.css: {}
Semana-OmniStack10/web/src/App.js: {}
Semana-OmniStack10/web/src/App.js: {}
Semana-OmniStack10/web/src/App.js: {}
Semana-OmniStack10/web/src/App.js: {}
Semana-OmniStack10/web/src/App.js: {}
Semana-OmniStack10/web/src/main.css: {}
Semana-OmniStack10/web/src/main.css: Using EditorConfig core...
Semana-OmniStack10/web/src/main.css: {}
Semana-OmniStack10/web/src/main.css: {}
Semana-OmniStack10/web/src/App.js: {}
Semana-OmniStack10/web/src/App.js: {}
Semana-OmniStack10/web/src/App.js: Using EditorConfig core...
Semana-OmniStack10/web/src/App.js: {}
Semana-OmniStack10/web/src/App.js: Using EditorConfig core...
Semana-OmniStack10/web/src/App.js: {}
Semana-OmniStack10/web/src/App.js: Using EditorConfig core...
Semana-OmniStack10/web/src/App.js: {}
Semana-OmniStack10/web/src/App.js: Using EditorConfig core...
Semana-OmniStack10/web/src/App.js: {}
Semana-OmniStack10/web/src/App.js: Using EditorConfig core...
Semana-OmniStack10/web/src/App.js: {}
Semana-OmniStack10/web/src/main.css: {}
Semana-OmniStack10/web/src/main.css: {}
Semana-OmniStack10/web/src/main.css: {}
Semana-OmniStack10/web/src/main.css: {}
Semana-OmniStack10/web/src/App.js: {}
Semana-OmniStack10/web/src/App.js: {}
Semana-OmniStack10/web/src/App.js: Using EditorConfig core...
Semana-OmniStack10/web/src/App.js: {}
Semana-OmniStack10/web/src/App.js: Using EditorConfig core...
Semana-OmniStack10/web/src/App.js: {}
Semana-OmniStack10/web/src/App.js: Using EditorConfig core...
Semana-OmniStack10/web/src/App.js: {}
Semana-OmniStack10/web/src/App.js: Using EditorConfig core...
Semana-OmniStack10/web/src/App.js: Using EditorConfig core...
Semana-OmniStack10/web/src/App.js: Using EditorConfig core...
Semana-OmniStack10/web/src/App.js: {}
Semana-OmniStack10/web/src/App.js: Using EditorConfig core...
Semana-OmniStack10/web/src/App.js: {}
Semana-OmniStack10/web/src/App.js: Using EditorConfig core...
Semana-OmniStack10/web/src/App.js: {}
Semana-OmniStack10/web/src/App.js: {}
Semana-OmniStack10/web/src/App.js: Using EditorConfig core...
Semana-OmniStack10/web/src/App.js: Using EditorConfig core...
Semana-OmniStack10/web/src/App.js: {}
Semana-OmniStack10/web/src/App.js: Using EditorConfig core...
Semana-OmniStack10/web/src/App.js: {}
Semana-OmniStack10/web/src/App.js: {}
Semana-OmniStack10/web/src/App.js: {}
Semana-OmniStack10/web/src/App.js: {}
Semana-OmniStack10/web/src/App.js: Using EditorConfig core...
Semana-OmniStack10/web/src/App.js: {}
Semana-OmniStack10/web/src/main.css: {}
Semana-OmniStack10/web/src/main.css: Using EditorConfig core...
Semana-OmniStack10/web/src/main.css: {}
Semana-OmniStack10/web/src/main.css: Using EditorConfig core...
Semana-OmniStack10/web/src/main.css: {}
Semana-OmniStack10/web/src/main.css: Using EditorConfig core...
Semana-OmniStack10/web/src/main.css: Using EditorConfig core...
Semana-OmniStack10/web/src/main.css: Using EditorConfig core...
Semana-OmniStack10/web/src/main.css: {}
Semana-OmniStack10/web/src/App.js: {}
Semana-OmniStack10/web/src/App.js: {}
Semana-OmniStack10/web/src/App.js: {}
Semana-OmniStack10/web/src/App.js: Using EditorConfig core...
Semana-OmniStack10/web/src/App.js: Using EditorConfig core...
Semana-OmniStack10/web/src/App.js: {}
Semana-OmniStack10/web/src/sidebar.css: {}
Semana-OmniStack10/web/src/sidebar.css: {}
Semana-OmniStack10/web/src/sidebar.css: {}
Semana-OmniStack10/web/src/App.js: {}
Semana-OmniStack10/web/src/App.js: Using EditorConfig core...
Semana-OmniStack10/web/src/App.js: {}
Semana-OmniStack10/web/src/App.js: Using EditorConfig core...
Semana-OmniStack10/web/src/App.js: {}
Semana-OmniStack10/web/src/App.js: Using EditorConfig core...
Semana-OmniStack10/web/src/App.js: {}
Semana-OmniStack10/web/src/App.js: {}
Semana-OmniStack10/web/src/App.js: Using EditorConfig core...
Semana-OmniStack10/web/src/App.js: {}
Semana-OmniStack10/web/src/sidebar.css: {}
Semana-OmniStack10/web/src/main.css: {}
No more open editors.
No more open editors.
Semana-OmniStack10/backend/src/index.js: {}
Semana-OmniStack10/backend/src/index.js: Using EditorConfig core...
Semana-OmniStack10/backend/src/index.js: {}
Semana-OmniStack10/web/src/App.js: {}
Semana-OmniStack10/web/src/App.js: {}
Semana-OmniStack10/web/src/App.js: {}
Semana-OmniStack10/web/src/App.js: {}
