[2020-01-14 20:56:49.160] [renderer1] [error] <semantic> TypeScript Server Error (3.7.3)
Cannot read property 'emitNode' of undefined
TypeError: Cannot read property 'emitNode' of undefined
    at Object.getCommentRange (tsserver.js:69029:29)
    at emitNodeList (tsserver.js:92885:51)
    at emitList (tsserver.js:92764:13)
    at Object.writeList (tsserver.js:90188:13)
    at tsserver.js:115321:29
    at Object.mapToDisplayParts (tsserver.js:103874:13)
    at itemInfoForParameters (tsserver.js:115318:41)
    at getSignatureHelpItem (tsserver.js:115284:95)
    at tsserver.js:115257:79
    at Array.map (<anonymous>)
    at createSignatureHelpItems (tsserver.js:115257:36)
    at tsserver.js:114849:23
    at Object.runWithCancellationToken (tsserver.js:33393:28)
    at Object.getSignatureHelpItems (tsserver.js:114847:32)
    at Proxy.getSignatureHelpItems (tsserver.js:130926:37)
    at IOSession.Session.getSignatureHelpItems (tsserver.js:140489:62)
    at Session.handlers.ts.createMapFromTemplate._a.<computed> (tsserver.js:139415:61)
    at tsserver.js:140929:88
    at IOSession.Session.executeWithRequestId (tsserver.js:140920:28)
    at IOSession.Session.executeCommand (tsserver.js:140929:33)
    at IOSession.Session.onMessage (tsserver.js:140952:35)
    at Interface.<anonymous> (tsserver.js:142267:27)
    at Interface.emit (events.js:200:13)
    at Interface._onLine (readline.js:314:10)
    at Interface._normalWrite (readline.js:459:12)
    at Socket.ondata (readline.js:170:10)
    at Socket.emit (events.js:200:13)
    at addChunk (_stream_readable.js:294:12)
    at readableAddChunk (_stream_readable.js:275:11)
    at Socket.Readable.push (_stream_readable.js:210:10)
    at Pipe.onStreamRead (internal/stream_base_commons.js:166:17): Error: <semantic> TypeScript Server Error (3.7.3)
Cannot read property 'emitNode' of undefined
TypeError: Cannot read property 'emitNode' of undefined
    at Object.getCommentRange (tsserver.js:69029:29)
    at emitNodeList (tsserver.js:92885:51)
    at emitList (tsserver.js:92764:13)
    at Object.writeList (tsserver.js:90188:13)
    at tsserver.js:115321:29
    at Object.mapToDisplayParts (tsserver.js:103874:13)
    at itemInfoForParameters (tsserver.js:115318:41)
    at getSignatureHelpItem (tsserver.js:115284:95)
    at tsserver.js:115257:79
    at Array.map (<anonymous>)
    at createSignatureHelpItems (tsserver.js:115257:36)
    at tsserver.js:114849:23
    at Object.runWithCancellationToken (tsserver.js:33393:28)
    at Object.getSignatureHelpItems (tsserver.js:114847:32)
    at Proxy.getSignatureHelpItems (tsserver.js:130926:37)
    at IOSession.Session.getSignatureHelpItems (tsserver.js:140489:62)
    at Session.handlers.ts.createMapFromTemplate._a.<computed> (tsserver.js:139415:61)
    at tsserver.js:140929:88
    at IOSession.Session.executeWithRequestId (tsserver.js:140920:28)
    at IOSession.Session.executeCommand (tsserver.js:140929:33)
    at IOSession.Session.onMessage (tsserver.js:140952:35)
    at Interface.<anonymous> (tsserver.js:142267:27)
    at Interface.emit (events.js:200:13)
    at Interface._onLine (readline.js:314:10)
    at Interface._normalWrite (readline.js:459:12)
    at Socket.ondata (readline.js:170:10)
    at Socket.emit (events.js:200:13)
    at addChunk (_stream_readable.js:294:12)
    at readableAddChunk (_stream_readable.js:275:11)
    at Socket.Readable.push (_stream_readable.js:210:10)
    at Pipe.onStreamRead (internal/stream_base_commons.js:166:17)
	at Function.create (/usr/share/code/resources/app/extensions/typescript-language-features/dist/extension.js:1:47388)
	at h.dispatchResponse (/usr/share/code/resources/app/extensions/typescript-language-features/dist/extension.js:1:206557)
	at h.dispatchMessage (/usr/share/code/resources/app/extensions/typescript-language-features/dist/extension.js:1:205455)
	at /usr/share/code/resources/app/extensions/typescript-language-features/dist/extension.js:1:204931
	at l.fire (/usr/share/code/resources/app/out/vs/workbench/services/extensions/node/extensionHostProcess.js:46:893)
	at t.Reader.onLengthData (/usr/share/code/resources/app/extensions/typescript-language-features/dist/extension.js:1:212021)
	at Socket.<anonymous> (/usr/share/code/resources/app/extensions/typescript-language-features/dist/extension.js:1:211669)
	at Socket.emit (events.js:200:13)
	at addChunk (_stream_readable.js:294:12)
	at readableAddChunk (_stream_readable.js:275:11)
	at Socket.Readable.push (_stream_readable.js:210:10)
	at Pipe.onStreamRead (internal/stream_base_commons.js:166:17)
[2020-01-14 20:56:52.758] [renderer1] [error] <semantic> TypeScript Server Error (3.7.3)
Cannot read property 'emitNode' of undefined
TypeError: Cannot read property 'emitNode' of undefined
    at Object.getCommentRange (tsserver.js:69029:29)
    at emitNodeList (tsserver.js:92885:51)
    at emitList (tsserver.js:92764:13)
    at Object.writeList (tsserver.js:90188:13)
    at tsserver.js:115321:29
    at Object.mapToDisplayParts (tsserver.js:103874:13)
    at itemInfoForParameters (tsserver.js:115318:41)
    at getSignatureHelpItem (tsserver.js:115284:95)
    at tsserver.js:115257:79
    at Array.map (<anonymous>)
    at createSignatureHelpItems (tsserver.js:115257:36)
    at tsserver.js:114849:23
    at Object.runWithCancellationToken (tsserver.js:33393:28)
    at Object.getSignatureHelpItems (tsserver.js:114847:32)
    at Proxy.getSignatureHelpItems (tsserver.js:130926:37)
    at IOSession.Session.getSignatureHelpItems (tsserver.js:140489:62)
    at Session.handlers.ts.createMapFromTemplate._a.<computed> (tsserver.js:139415:61)
    at tsserver.js:140929:88
    at IOSession.Session.executeWithRequestId (tsserver.js:140920:28)
    at IOSession.Session.executeCommand (tsserver.js:140929:33)
    at IOSession.Session.onMessage (tsserver.js:140952:35)
    at Interface.<anonymous> (tsserver.js:142267:27)
    at Interface.emit (events.js:200:13)
    at Interface._onLine (readline.js:314:10)
    at Interface._normalWrite (readline.js:459:12)
    at Socket.ondata (readline.js:170:10)
    at Socket.emit (events.js:200:13)
    at addChunk (_stream_readable.js:294:12)
    at readableAddChunk (_stream_readable.js:275:11)
    at Socket.Readable.push (_stream_readable.js:210:10)
    at Pipe.onStreamRead (internal/stream_base_commons.js:166:17): Error: <semantic> TypeScript Server Error (3.7.3)
Cannot read property 'emitNode' of undefined
TypeError: Cannot read property 'emitNode' of undefined
    at Object.getCommentRange (tsserver.js:69029:29)
    at emitNodeList (tsserver.js:92885:51)
    at emitList (tsserver.js:92764:13)
    at Object.writeList (tsserver.js:90188:13)
    at tsserver.js:115321:29
    at Object.mapToDisplayParts (tsserver.js:103874:13)
    at itemInfoForParameters (tsserver.js:115318:41)
    at getSignatureHelpItem (tsserver.js:115284:95)
    at tsserver.js:115257:79
    at Array.map (<anonymous>)
    at createSignatureHelpItems (tsserver.js:115257:36)
    at tsserver.js:114849:23
    at Object.runWithCancellationToken (tsserver.js:33393:28)
    at Object.getSignatureHelpItems (tsserver.js:114847:32)
    at Proxy.getSignatureHelpItems (tsserver.js:130926:37)
    at IOSession.Session.getSignatureHelpItems (tsserver.js:140489:62)
    at Session.handlers.ts.createMapFromTemplate._a.<computed> (tsserver.js:139415:61)
    at tsserver.js:140929:88
    at IOSession.Session.executeWithRequestId (tsserver.js:140920:28)
    at IOSession.Session.executeCommand (tsserver.js:140929:33)
    at IOSession.Session.onMessage (tsserver.js:140952:35)
    at Interface.<anonymous> (tsserver.js:142267:27)
    at Interface.emit (events.js:200:13)
    at Interface._onLine (readline.js:314:10)
    at Interface._normalWrite (readline.js:459:12)
    at Socket.ondata (readline.js:170:10)
    at Socket.emit (events.js:200:13)
    at addChunk (_stream_readable.js:294:12)
    at readableAddChunk (_stream_readable.js:275:11)
    at Socket.Readable.push (_stream_readable.js:210:10)
    at Pipe.onStreamRead (internal/stream_base_commons.js:166:17)
	at Function.create (/usr/share/code/resources/app/extensions/typescript-language-features/dist/extension.js:1:47388)
	at h.dispatchResponse (/usr/share/code/resources/app/extensions/typescript-language-features/dist/extension.js:1:206557)
	at h.dispatchMessage (/usr/share/code/resources/app/extensions/typescript-language-features/dist/extension.js:1:205455)
	at /usr/share/code/resources/app/extensions/typescript-language-features/dist/extension.js:1:204931
	at l.fire (/usr/share/code/resources/app/out/vs/workbench/services/extensions/node/extensionHostProcess.js:46:893)
	at t.Reader.onLengthData (/usr/share/code/resources/app/extensions/typescript-language-features/dist/extension.js:1:212021)
	at Socket.<anonymous> (/usr/share/code/resources/app/extensions/typescript-language-features/dist/extension.js:1:211669)
	at Socket.emit (events.js:200:13)
	at addChunk (_stream_readable.js:294:12)
	at readableAddChunk (_stream_readable.js:275:11)
	at Socket.Readable.push (_stream_readable.js:210:10)
	at Pipe.onStreamRead (internal/stream_base_commons.js:166:17)
[2020-01-14 20:56:54.025] [renderer1] [error] <semantic> TypeScript Server Error (3.7.3)
Cannot read property 'emitNode' of undefined
TypeError: Cannot read property 'emitNode' of undefined
    at Object.getCommentRange (tsserver.js:69029:29)
    at emitNodeList (tsserver.js:92885:51)
    at emitList (tsserver.js:92764:13)
    at Object.writeList (tsserver.js:90188:13)
    at tsserver.js:115321:29
    at Object.mapToDisplayParts (tsserver.js:103874:13)
    at itemInfoForParameters (tsserver.js:115318:41)
    at getSignatureHelpItem (tsserver.js:115284:95)
    at tsserver.js:115257:79
    at Array.map (<anonymous>)
    at createSignatureHelpItems (tsserver.js:115257:36)
    at tsserver.js:114849:23
    at Object.runWithCancellationToken (tsserver.js:33393:28)
    at Object.getSignatureHelpItems (tsserver.js:114847:32)
    at Proxy.getSignatureHelpItems (tsserver.js:130926:37)
    at IOSession.Session.getSignatureHelpItems (tsserver.js:140489:62)
    at Session.handlers.ts.createMapFromTemplate._a.<computed> (tsserver.js:139415:61)
    at tsserver.js:140929:88
    at IOSession.Session.executeWithRequestId (tsserver.js:140920:28)
    at IOSession.Session.executeCommand (tsserver.js:140929:33)
    at IOSession.Session.onMessage (tsserver.js:140952:35)
    at Interface.<anonymous> (tsserver.js:142267:27)
    at Interface.emit (events.js:200:13)
    at Interface._onLine (readline.js:314:10)
    at Interface._normalWrite (readline.js:459:12)
    at Socket.ondata (readline.js:170:10)
    at Socket.emit (events.js:200:13)
    at addChunk (_stream_readable.js:294:12)
    at readableAddChunk (_stream_readable.js:275:11)
    at Socket.Readable.push (_stream_readable.js:210:10)
    at Pipe.onStreamRead (internal/stream_base_commons.js:166:17): Error: <semantic> TypeScript Server Error (3.7.3)
Cannot read property 'emitNode' of undefined
TypeError: Cannot read property 'emitNode' of undefined
    at Object.getCommentRange (tsserver.js:69029:29)
    at emitNodeList (tsserver.js:92885:51)
    at emitList (tsserver.js:92764:13)
    at Object.writeList (tsserver.js:90188:13)
    at tsserver.js:115321:29
    at Object.mapToDisplayParts (tsserver.js:103874:13)
    at itemInfoForParameters (tsserver.js:115318:41)
    at getSignatureHelpItem (tsserver.js:115284:95)
    at tsserver.js:115257:79
    at Array.map (<anonymous>)
    at createSignatureHelpItems (tsserver.js:115257:36)
    at tsserver.js:114849:23
    at Object.runWithCancellationToken (tsserver.js:33393:28)
    at Object.getSignatureHelpItems (tsserver.js:114847:32)
    at Proxy.getSignatureHelpItems (tsserver.js:130926:37)
    at IOSession.Session.getSignatureHelpItems (tsserver.js:140489:62)
    at Session.handlers.ts.createMapFromTemplate._a.<computed> (tsserver.js:139415:61)
    at tsserver.js:140929:88
    at IOSession.Session.executeWithRequestId (tsserver.js:140920:28)
    at IOSession.Session.executeCommand (tsserver.js:140929:33)
    at IOSession.Session.onMessage (tsserver.js:140952:35)
    at Interface.<anonymous> (tsserver.js:142267:27)
    at Interface.emit (events.js:200:13)
    at Interface._onLine (readline.js:314:10)
    at Interface._normalWrite (readline.js:459:12)
    at Socket.ondata (readline.js:170:10)
    at Socket.emit (events.js:200:13)
    at addChunk (_stream_readable.js:294:12)
    at readableAddChunk (_stream_readable.js:275:11)
    at Socket.Readable.push (_stream_readable.js:210:10)
    at Pipe.onStreamRead (internal/stream_base_commons.js:166:17)
	at Function.create (/usr/share/code/resources/app/extensions/typescript-language-features/dist/extension.js:1:47388)
	at h.dispatchResponse (/usr/share/code/resources/app/extensions/typescript-language-features/dist/extension.js:1:206557)
	at h.dispatchMessage (/usr/share/code/resources/app/extensions/typescript-language-features/dist/extension.js:1:205455)
	at /usr/share/code/resources/app/extensions/typescript-language-features/dist/extension.js:1:204931
	at l.fire (/usr/share/code/resources/app/out/vs/workbench/services/extensions/node/extensionHostProcess.js:46:893)
	at t.Reader.onLengthData (/usr/share/code/resources/app/extensions/typescript-language-features/dist/extension.js:1:212021)
	at Socket.<anonymous> (/usr/share/code/resources/app/extensions/typescript-language-features/dist/extension.js:1:211669)
	at Socket.emit (events.js:200:13)
	at addChunk (_stream_readable.js:294:12)
	at readableAddChunk (_stream_readable.js:275:11)
	at Socket.Readable.push (_stream_readable.js:210:10)
	at Pipe.onStreamRead (internal/stream_base_commons.js:166:17)
[2020-01-14 20:57:02.898] [renderer1] [error] <semantic> TypeScript Server Error (3.7.3)
Cannot read property 'emitNode' of undefined
TypeError: Cannot read property 'emitNode' of undefined
    at Object.getCommentRange (tsserver.js:69029:29)
    at emitNodeList (tsserver.js:92885:51)
    at emitList (tsserver.js:92764:13)
    at Object.writeList (tsserver.js:90188:13)
    at tsserver.js:115321:29
    at Object.mapToDisplayParts (tsserver.js:103874:13)
    at itemInfoForParameters (tsserver.js:115318:41)
    at getSignatureHelpItem (tsserver.js:115284:95)
    at tsserver.js:115257:79
    at Array.map (<anonymous>)
    at createSignatureHelpItems (tsserver.js:115257:36)
    at tsserver.js:114849:23
    at Object.runWithCancellationToken (tsserver.js:33393:28)
    at Object.getSignatureHelpItems (tsserver.js:114847:32)
    at Proxy.getSignatureHelpItems (tsserver.js:130926:37)
    at IOSession.Session.getSignatureHelpItems (tsserver.js:140489:62)
    at Session.handlers.ts.createMapFromTemplate._a.<computed> (tsserver.js:139415:61)
    at tsserver.js:140929:88
    at IOSession.Session.executeWithRequestId (tsserver.js:140920:28)
    at IOSession.Session.executeCommand (tsserver.js:140929:33)
    at IOSession.Session.onMessage (tsserver.js:140952:35)
    at Interface.<anonymous> (tsserver.js:142267:27)
    at Interface.emit (events.js:200:13)
    at Interface._onLine (readline.js:314:10)
    at Interface._normalWrite (readline.js:459:12)
    at Socket.ondata (readline.js:170:10)
    at Socket.emit (events.js:200:13)
    at addChunk (_stream_readable.js:294:12)
    at readableAddChunk (_stream_readable.js:275:11)
    at Socket.Readable.push (_stream_readable.js:210:10)
    at Pipe.onStreamRead (internal/stream_base_commons.js:166:17): Error: <semantic> TypeScript Server Error (3.7.3)
Cannot read property 'emitNode' of undefined
TypeError: Cannot read property 'emitNode' of undefined
    at Object.getCommentRange (tsserver.js:69029:29)
    at emitNodeList (tsserver.js:92885:51)
    at emitList (tsserver.js:92764:13)
    at Object.writeList (tsserver.js:90188:13)
    at tsserver.js:115321:29
    at Object.mapToDisplayParts (tsserver.js:103874:13)
    at itemInfoForParameters (tsserver.js:115318:41)
    at getSignatureHelpItem (tsserver.js:115284:95)
    at tsserver.js:115257:79
    at Array.map (<anonymous>)
    at createSignatureHelpItems (tsserver.js:115257:36)
    at tsserver.js:114849:23
    at Object.runWithCancellationToken (tsserver.js:33393:28)
    at Object.getSignatureHelpItems (tsserver.js:114847:32)
    at Proxy.getSignatureHelpItems (tsserver.js:130926:37)
    at IOSession.Session.getSignatureHelpItems (tsserver.js:140489:62)
    at Session.handlers.ts.createMapFromTemplate._a.<computed> (tsserver.js:139415:61)
    at tsserver.js:140929:88
    at IOSession.Session.executeWithRequestId (tsserver.js:140920:28)
    at IOSession.Session.executeCommand (tsserver.js:140929:33)
    at IOSession.Session.onMessage (tsserver.js:140952:35)
    at Interface.<anonymous> (tsserver.js:142267:27)
    at Interface.emit (events.js:200:13)
    at Interface._onLine (readline.js:314:10)
    at Interface._normalWrite (readline.js:459:12)
    at Socket.ondata (readline.js:170:10)
    at Socket.emit (events.js:200:13)
    at addChunk (_stream_readable.js:294:12)
    at readableAddChunk (_stream_readable.js:275:11)
    at Socket.Readable.push (_stream_readable.js:210:10)
    at Pipe.onStreamRead (internal/stream_base_commons.js:166:17)
	at Function.create (/usr/share/code/resources/app/extensions/typescript-language-features/dist/extension.js:1:47388)
	at h.dispatchResponse (/usr/share/code/resources/app/extensions/typescript-language-features/dist/extension.js:1:206557)
	at h.dispatchMessage (/usr/share/code/resources/app/extensions/typescript-language-features/dist/extension.js:1:205455)
	at /usr/share/code/resources/app/extensions/typescript-language-features/dist/extension.js:1:204931
	at l.fire (/usr/share/code/resources/app/out/vs/workbench/services/extensions/node/extensionHostProcess.js:46:893)
	at t.Reader.onLengthData (/usr/share/code/resources/app/extensions/typescript-language-features/dist/extension.js:1:212021)
	at Socket.<anonymous> (/usr/share/code/resources/app/extensions/typescript-language-features/dist/extension.js:1:211669)
	at Socket.emit (events.js:200:13)
	at addChunk (_stream_readable.js:294:12)
	at readableAddChunk (_stream_readable.js:275:11)
	at Socket.Readable.push (_stream_readable.js:210:10)
	at Pipe.onStreamRead (internal/stream_base_commons.js:166:17)
[2020-01-14 21:43:58.989] [renderer1] [error] <semantic> TypeScript Server Error (3.7.3)
Cannot read property 'emitNode' of undefined
TypeError: Cannot read property 'emitNode' of undefined
    at Object.getCommentRange (tsserver.js:69029:29)
    at emitNodeList (tsserver.js:92885:51)
    at emitList (tsserver.js:92764:13)
    at Object.writeList (tsserver.js:90188:13)
    at tsserver.js:115321:29
    at Object.mapToDisplayParts (tsserver.js:103874:13)
    at itemInfoForParameters (tsserver.js:115318:41)
    at getSignatureHelpItem (tsserver.js:115284:95)
    at tsserver.js:115257:79
    at Array.map (<anonymous>)
    at createSignatureHelpItems (tsserver.js:115257:36)
    at tsserver.js:114849:23
    at Object.runWithCancellationToken (tsserver.js:33393:28)
    at Object.getSignatureHelpItems (tsserver.js:114847:32)
    at Proxy.getSignatureHelpItems (tsserver.js:130926:37)
    at IOSession.Session.getSignatureHelpItems (tsserver.js:140489:62)
    at Session.handlers.ts.createMapFromTemplate._a.<computed> (tsserver.js:139415:61)
    at tsserver.js:140929:88
    at IOSession.Session.executeWithRequestId (tsserver.js:140920:28)
    at IOSession.Session.executeCommand (tsserver.js:140929:33)
    at IOSession.Session.onMessage (tsserver.js:140952:35)
    at Interface.<anonymous> (tsserver.js:142267:27)
    at Interface.emit (events.js:200:13)
    at Interface._onLine (readline.js:314:10)
    at Interface._normalWrite (readline.js:459:12)
    at Socket.ondata (readline.js:170:10)
    at Socket.emit (events.js:200:13)
    at addChunk (_stream_readable.js:294:12)
    at readableAddChunk (_stream_readable.js:275:11)
    at Socket.Readable.push (_stream_readable.js:210:10)
    at Pipe.onStreamRead (internal/stream_base_commons.js:166:17): Error: <semantic> TypeScript Server Error (3.7.3)
Cannot read property 'emitNode' of undefined
TypeError: Cannot read property 'emitNode' of undefined
    at Object.getCommentRange (tsserver.js:69029:29)
    at emitNodeList (tsserver.js:92885:51)
    at emitList (tsserver.js:92764:13)
    at Object.writeList (tsserver.js:90188:13)
    at tsserver.js:115321:29
    at Object.mapToDisplayParts (tsserver.js:103874:13)
    at itemInfoForParameters (tsserver.js:115318:41)
    at getSignatureHelpItem (tsserver.js:115284:95)
    at tsserver.js:115257:79
    at Array.map (<anonymous>)
    at createSignatureHelpItems (tsserver.js:115257:36)
    at tsserver.js:114849:23
    at Object.runWithCancellationToken (tsserver.js:33393:28)
    at Object.getSignatureHelpItems (tsserver.js:114847:32)
    at Proxy.getSignatureHelpItems (tsserver.js:130926:37)
    at IOSession.Session.getSignatureHelpItems (tsserver.js:140489:62)
    at Session.handlers.ts.createMapFromTemplate._a.<computed> (tsserver.js:139415:61)
    at tsserver.js:140929:88
    at IOSession.Session.executeWithRequestId (tsserver.js:140920:28)
    at IOSession.Session.executeCommand (tsserver.js:140929:33)
    at IOSession.Session.onMessage (tsserver.js:140952:35)
    at Interface.<anonymous> (tsserver.js:142267:27)
    at Interface.emit (events.js:200:13)
    at Interface._onLine (readline.js:314:10)
    at Interface._normalWrite (readline.js:459:12)
    at Socket.ondata (readline.js:170:10)
    at Socket.emit (events.js:200:13)
    at addChunk (_stream_readable.js:294:12)
    at readableAddChunk (_stream_readable.js:275:11)
    at Socket.Readable.push (_stream_readable.js:210:10)
    at Pipe.onStreamRead (internal/stream_base_commons.js:166:17)
	at Function.create (/usr/share/code/resources/app/extensions/typescript-language-features/dist/extension.js:1:47388)
	at h.dispatchResponse (/usr/share/code/resources/app/extensions/typescript-language-features/dist/extension.js:1:206557)
	at h.dispatchMessage (/usr/share/code/resources/app/extensions/typescript-language-features/dist/extension.js:1:205455)
	at /usr/share/code/resources/app/extensions/typescript-language-features/dist/extension.js:1:204931
	at l.fire (/usr/share/code/resources/app/out/vs/workbench/services/extensions/node/extensionHostProcess.js:46:893)
	at t.Reader.onLengthData (/usr/share/code/resources/app/extensions/typescript-language-features/dist/extension.js:1:212021)
	at Socket.<anonymous> (/usr/share/code/resources/app/extensions/typescript-language-features/dist/extension.js:1:211669)
	at Socket.emit (events.js:200:13)
	at addChunk (_stream_readable.js:294:12)
	at readableAddChunk (_stream_readable.js:275:11)
	at Socket.Readable.push (_stream_readable.js:210:10)
	at Pipe.onStreamRead (internal/stream_base_commons.js:166:17)
[2020-01-14 21:44:05.458] [renderer1] [error] <semantic> TypeScript Server Error (3.7.3)
Cannot read property 'emitNode' of undefined
TypeError: Cannot read property 'emitNode' of undefined
    at Object.getCommentRange (tsserver.js:69029:29)
    at emitNodeList (tsserver.js:92885:51)
    at emitList (tsserver.js:92764:13)
    at Object.writeList (tsserver.js:90188:13)
    at tsserver.js:115321:29
    at Object.mapToDisplayParts (tsserver.js:103874:13)
    at itemInfoForParameters (tsserver.js:115318:41)
    at getSignatureHelpItem (tsserver.js:115284:95)
    at tsserver.js:115257:79
    at Array.map (<anonymous>)
    at createSignatureHelpItems (tsserver.js:115257:36)
    at tsserver.js:114849:23
    at Object.runWithCancellationToken (tsserver.js:33393:28)
    at Object.getSignatureHelpItems (tsserver.js:114847:32)
    at Proxy.getSignatureHelpItems (tsserver.js:130926:37)
    at IOSession.Session.getSignatureHelpItems (tsserver.js:140489:62)
    at Session.handlers.ts.createMapFromTemplate._a.<computed> (tsserver.js:139415:61)
    at tsserver.js:140929:88
    at IOSession.Session.executeWithRequestId (tsserver.js:140920:28)
    at IOSession.Session.executeCommand (tsserver.js:140929:33)
    at IOSession.Session.onMessage (tsserver.js:140952:35)
    at Interface.<anonymous> (tsserver.js:142267:27)
    at Interface.emit (events.js:200:13)
    at Interface._onLine (readline.js:314:10)
    at Interface._normalWrite (readline.js:459:12)
    at Socket.ondata (readline.js:170:10)
    at Socket.emit (events.js:200:13)
    at addChunk (_stream_readable.js:294:12)
    at readableAddChunk (_stream_readable.js:275:11)
    at Socket.Readable.push (_stream_readable.js:210:10)
    at Pipe.onStreamRead (internal/stream_base_commons.js:166:17): Error: <semantic> TypeScript Server Error (3.7.3)
Cannot read property 'emitNode' of undefined
TypeError: Cannot read property 'emitNode' of undefined
    at Object.getCommentRange (tsserver.js:69029:29)
    at emitNodeList (tsserver.js:92885:51)
    at emitList (tsserver.js:92764:13)
    at Object.writeList (tsserver.js:90188:13)
    at tsserver.js:115321:29
    at Object.mapToDisplayParts (tsserver.js:103874:13)
    at itemInfoForParameters (tsserver.js:115318:41)
    at getSignatureHelpItem (tsserver.js:115284:95)
    at tsserver.js:115257:79
    at Array.map (<anonymous>)
    at createSignatureHelpItems (tsserver.js:115257:36)
    at tsserver.js:114849:23
    at Object.runWithCancellationToken (tsserver.js:33393:28)
    at Object.getSignatureHelpItems (tsserver.js:114847:32)
    at Proxy.getSignatureHelpItems (tsserver.js:130926:37)
    at IOSession.Session.getSignatureHelpItems (tsserver.js:140489:62)
    at Session.handlers.ts.createMapFromTemplate._a.<computed> (tsserver.js:139415:61)
    at tsserver.js:140929:88
    at IOSession.Session.executeWithRequestId (tsserver.js:140920:28)
    at IOSession.Session.executeCommand (tsserver.js:140929:33)
    at IOSession.Session.onMessage (tsserver.js:140952:35)
    at Interface.<anonymous> (tsserver.js:142267:27)
    at Interface.emit (events.js:200:13)
    at Interface._onLine (readline.js:314:10)
    at Interface._normalWrite (readline.js:459:12)
    at Socket.ondata (readline.js:170:10)
    at Socket.emit (events.js:200:13)
    at addChunk (_stream_readable.js:294:12)
    at readableAddChunk (_stream_readable.js:275:11)
    at Socket.Readable.push (_stream_readable.js:210:10)
    at Pipe.onStreamRead (internal/stream_base_commons.js:166:17)
	at Function.create (/usr/share/code/resources/app/extensions/typescript-language-features/dist/extension.js:1:47388)
	at h.dispatchResponse (/usr/share/code/resources/app/extensions/typescript-language-features/dist/extension.js:1:206557)
	at h.dispatchMessage (/usr/share/code/resources/app/extensions/typescript-language-features/dist/extension.js:1:205455)
	at /usr/share/code/resources/app/extensions/typescript-language-features/dist/extension.js:1:204931
	at l.fire (/usr/share/code/resources/app/out/vs/workbench/services/extensions/node/extensionHostProcess.js:46:893)
	at t.Reader.onLengthData (/usr/share/code/resources/app/extensions/typescript-language-features/dist/extension.js:1:212021)
	at Socket.<anonymous> (/usr/share/code/resources/app/extensions/typescript-language-features/dist/extension.js:1:211669)
	at Socket.emit (events.js:200:13)
	at addChunk (_stream_readable.js:294:12)
	at readableAddChunk (_stream_readable.js:275:11)
	at Socket.Readable.push (_stream_readable.js:210:10)
	at Pipe.onStreamRead (internal/stream_base_commons.js:166:17)
[2020-01-14 22:21:07.329] [renderer1] [error] <semantic> TypeScript Server Error (3.7.3)
Cannot read property 'emitNode' of undefined
TypeError: Cannot read property 'emitNode' of undefined
    at Object.getCommentRange (tsserver.js:69029:29)
    at emitNodeList (tsserver.js:92885:51)
    at emitList (tsserver.js:92764:13)
    at Object.writeList (tsserver.js:90188:13)
    at tsserver.js:115321:29
    at Object.mapToDisplayParts (tsserver.js:103874:13)
    at itemInfoForParameters (tsserver.js:115318:41)
    at getSignatureHelpItem (tsserver.js:115284:95)
    at tsserver.js:115257:79
    at Array.map (<anonymous>)
    at createSignatureHelpItems (tsserver.js:115257:36)
    at tsserver.js:114849:23
    at Object.runWithCancellationToken (tsserver.js:33393:28)
    at Object.getSignatureHelpItems (tsserver.js:114847:32)
    at Proxy.getSignatureHelpItems (tsserver.js:130926:37)
    at IOSession.Session.getSignatureHelpItems (tsserver.js:140489:62)
    at Session.handlers.ts.createMapFromTemplate._a.<computed> (tsserver.js:139415:61)
    at tsserver.js:140929:88
    at IOSession.Session.executeWithRequestId (tsserver.js:140920:28)
    at IOSession.Session.executeCommand (tsserver.js:140929:33)
    at IOSession.Session.onMessage (tsserver.js:140952:35)
    at Interface.<anonymous> (tsserver.js:142267:27)
    at Interface.emit (events.js:200:13)
    at Interface._onLine (readline.js:314:10)
    at Interface._normalWrite (readline.js:459:12)
    at Socket.ondata (readline.js:170:10)
    at Socket.emit (events.js:200:13)
    at addChunk (_stream_readable.js:294:12)
    at readableAddChunk (_stream_readable.js:275:11)
    at Socket.Readable.push (_stream_readable.js:210:10)
    at Pipe.onStreamRead (internal/stream_base_commons.js:166:17): Error: <semantic> TypeScript Server Error (3.7.3)
Cannot read property 'emitNode' of undefined
TypeError: Cannot read property 'emitNode' of undefined
    at Object.getCommentRange (tsserver.js:69029:29)
    at emitNodeList (tsserver.js:92885:51)
    at emitList (tsserver.js:92764:13)
    at Object.writeList (tsserver.js:90188:13)
    at tsserver.js:115321:29
    at Object.mapToDisplayParts (tsserver.js:103874:13)
    at itemInfoForParameters (tsserver.js:115318:41)
    at getSignatureHelpItem (tsserver.js:115284:95)
    at tsserver.js:115257:79
    at Array.map (<anonymous>)
    at createSignatureHelpItems (tsserver.js:115257:36)
    at tsserver.js:114849:23
    at Object.runWithCancellationToken (tsserver.js:33393:28)
    at Object.getSignatureHelpItems (tsserver.js:114847:32)
    at Proxy.getSignatureHelpItems (tsserver.js:130926:37)
    at IOSession.Session.getSignatureHelpItems (tsserver.js:140489:62)
    at Session.handlers.ts.createMapFromTemplate._a.<computed> (tsserver.js:139415:61)
    at tsserver.js:140929:88
    at IOSession.Session.executeWithRequestId (tsserver.js:140920:28)
    at IOSession.Session.executeCommand (tsserver.js:140929:33)
    at IOSession.Session.onMessage (tsserver.js:140952:35)
    at Interface.<anonymous> (tsserver.js:142267:27)
    at Interface.emit (events.js:200:13)
    at Interface._onLine (readline.js:314:10)
    at Interface._normalWrite (readline.js:459:12)
    at Socket.ondata (readline.js:170:10)
    at Socket.emit (events.js:200:13)
    at addChunk (_stream_readable.js:294:12)
    at readableAddChunk (_stream_readable.js:275:11)
    at Socket.Readable.push (_stream_readable.js:210:10)
    at Pipe.onStreamRead (internal/stream_base_commons.js:166:17)
	at Function.create (/usr/share/code/resources/app/extensions/typescript-language-features/dist/extension.js:1:47388)
	at h.dispatchResponse (/usr/share/code/resources/app/extensions/typescript-language-features/dist/extension.js:1:206557)
	at h.dispatchMessage (/usr/share/code/resources/app/extensions/typescript-language-features/dist/extension.js:1:205455)
	at /usr/share/code/resources/app/extensions/typescript-language-features/dist/extension.js:1:204931
	at l.fire (/usr/share/code/resources/app/out/vs/workbench/services/extensions/node/extensionHostProcess.js:46:893)
	at t.Reader.onLengthData (/usr/share/code/resources/app/extensions/typescript-language-features/dist/extension.js:1:212021)
	at Socket.<anonymous> (/usr/share/code/resources/app/extensions/typescript-language-features/dist/extension.js:1:211669)
	at Socket.emit (events.js:200:13)
	at addChunk (_stream_readable.js:294:12)
	at readableAddChunk (_stream_readable.js:275:11)
	at Socket.Readable.push (_stream_readable.js:210:10)
	at Pipe.onStreamRead (internal/stream_base_commons.js:166:17)
[2020-01-14 22:21:46.823] [renderer1] [error] <semantic> TypeScript Server Error (3.7.3)
Cannot read property 'emitNode' of undefined
TypeError: Cannot read property 'emitNode' of undefined
    at Object.getCommentRange (tsserver.js:69029:29)
    at emitNodeList (tsserver.js:92885:51)
    at emitList (tsserver.js:92764:13)
    at Object.writeList (tsserver.js:90188:13)
    at tsserver.js:115321:29
    at Object.mapToDisplayParts (tsserver.js:103874:13)
    at itemInfoForParameters (tsserver.js:115318:41)
    at getSignatureHelpItem (tsserver.js:115284:95)
    at tsserver.js:115257:79
    at Array.map (<anonymous>)
    at createSignatureHelpItems (tsserver.js:115257:36)
    at tsserver.js:114849:23
    at Object.runWithCancellationToken (tsserver.js:33393:28)
    at Object.getSignatureHelpItems (tsserver.js:114847:32)
    at Proxy.getSignatureHelpItems (tsserver.js:130926:37)
    at IOSession.Session.getSignatureHelpItems (tsserver.js:140489:62)
    at Session.handlers.ts.createMapFromTemplate._a.<computed> (tsserver.js:139415:61)
    at tsserver.js:140929:88
    at IOSession.Session.executeWithRequestId (tsserver.js:140920:28)
    at IOSession.Session.executeCommand (tsserver.js:140929:33)
    at IOSession.Session.onMessage (tsserver.js:140952:35)
    at Interface.<anonymous> (tsserver.js:142267:27)
    at Interface.emit (events.js:200:13)
    at Interface._onLine (readline.js:314:10)
    at Interface._normalWrite (readline.js:459:12)
    at Socket.ondata (readline.js:170:10)
    at Socket.emit (events.js:200:13)
    at addChunk (_stream_readable.js:294:12)
    at readableAddChunk (_stream_readable.js:275:11)
    at Socket.Readable.push (_stream_readable.js:210:10)
    at Pipe.onStreamRead (internal/stream_base_commons.js:166:17): Error: <semantic> TypeScript Server Error (3.7.3)
Cannot read property 'emitNode' of undefined
TypeError: Cannot read property 'emitNode' of undefined
    at Object.getCommentRange (tsserver.js:69029:29)
    at emitNodeList (tsserver.js:92885:51)
    at emitList (tsserver.js:92764:13)
    at Object.writeList (tsserver.js:90188:13)
    at tsserver.js:115321:29
    at Object.mapToDisplayParts (tsserver.js:103874:13)
    at itemInfoForParameters (tsserver.js:115318:41)
    at getSignatureHelpItem (tsserver.js:115284:95)
    at tsserver.js:115257:79
    at Array.map (<anonymous>)
    at createSignatureHelpItems (tsserver.js:115257:36)
    at tsserver.js:114849:23
    at Object.runWithCancellationToken (tsserver.js:33393:28)
    at Object.getSignatureHelpItems (tsserver.js:114847:32)
    at Proxy.getSignatureHelpItems (tsserver.js:130926:37)
    at IOSession.Session.getSignatureHelpItems (tsserver.js:140489:62)
    at Session.handlers.ts.createMapFromTemplate._a.<computed> (tsserver.js:139415:61)
    at tsserver.js:140929:88
    at IOSession.Session.executeWithRequestId (tsserver.js:140920:28)
    at IOSession.Session.executeCommand (tsserver.js:140929:33)
    at IOSession.Session.onMessage (tsserver.js:140952:35)
    at Interface.<anonymous> (tsserver.js:142267:27)
    at Interface.emit (events.js:200:13)
    at Interface._onLine (readline.js:314:10)
    at Interface._normalWrite (readline.js:459:12)
    at Socket.ondata (readline.js:170:10)
    at Socket.emit (events.js:200:13)
    at addChunk (_stream_readable.js:294:12)
    at readableAddChunk (_stream_readable.js:275:11)
    at Socket.Readable.push (_stream_readable.js:210:10)
    at Pipe.onStreamRead (internal/stream_base_commons.js:166:17)
	at Function.create (/usr/share/code/resources/app/extensions/typescript-language-features/dist/extension.js:1:47388)
	at h.dispatchResponse (/usr/share/code/resources/app/extensions/typescript-language-features/dist/extension.js:1:206557)
	at h.dispatchMessage (/usr/share/code/resources/app/extensions/typescript-language-features/dist/extension.js:1:205455)
	at /usr/share/code/resources/app/extensions/typescript-language-features/dist/extension.js:1:204931
	at l.fire (/usr/share/code/resources/app/out/vs/workbench/services/extensions/node/extensionHostProcess.js:46:893)
	at t.Reader.onLengthData (/usr/share/code/resources/app/extensions/typescript-language-features/dist/extension.js:1:212021)
	at Socket.<anonymous> (/usr/share/code/resources/app/extensions/typescript-language-features/dist/extension.js:1:211669)
	at Socket.emit (events.js:200:13)
	at addChunk (_stream_readable.js:294:12)
	at readableAddChunk (_stream_readable.js:275:11)
	at Socket.Readable.push (_stream_readable.js:210:10)
	at Pipe.onStreamRead (internal/stream_base_commons.js:166:17)
[2020-01-14 22:25:12.750] [renderer1] [error] <semantic> TypeScript Server Error (3.7.3)
Cannot read property 'emitNode' of undefined
TypeError: Cannot read property 'emitNode' of undefined
    at Object.getCommentRange (tsserver.js:69029:29)
    at emitNodeList (tsserver.js:92885:51)
    at emitList (tsserver.js:92764:13)
    at Object.writeList (tsserver.js:90188:13)
    at tsserver.js:115321:29
    at Object.mapToDisplayParts (tsserver.js:103874:13)
    at itemInfoForParameters (tsserver.js:115318:41)
    at getSignatureHelpItem (tsserver.js:115284:95)
    at tsserver.js:115257:79
    at Array.map (<anonymous>)
    at createSignatureHelpItems (tsserver.js:115257:36)
    at tsserver.js:114849:23
    at Object.runWithCancellationToken (tsserver.js:33393:28)
    at Object.getSignatureHelpItems (tsserver.js:114847:32)
    at Proxy.getSignatureHelpItems (tsserver.js:130926:37)
    at IOSession.Session.getSignatureHelpItems (tsserver.js:140489:62)
    at Session.handlers.ts.createMapFromTemplate._a.<computed> (tsserver.js:139415:61)
    at tsserver.js:140929:88
    at IOSession.Session.executeWithRequestId (tsserver.js:140920:28)
    at IOSession.Session.executeCommand (tsserver.js:140929:33)
    at IOSession.Session.onMessage (tsserver.js:140952:35)
    at Interface.<anonymous> (tsserver.js:142267:27)
    at Interface.emit (events.js:200:13)
    at Interface._onLine (readline.js:314:10)
    at Interface._normalWrite (readline.js:459:12)
    at Socket.ondata (readline.js:170:10)
    at Socket.emit (events.js:200:13)
    at addChunk (_stream_readable.js:294:12)
    at readableAddChunk (_stream_readable.js:275:11)
    at Socket.Readable.push (_stream_readable.js:210:10)
    at Pipe.onStreamRead (internal/stream_base_commons.js:166:17): Error: <semantic> TypeScript Server Error (3.7.3)
Cannot read property 'emitNode' of undefined
TypeError: Cannot read property 'emitNode' of undefined
    at Object.getCommentRange (tsserver.js:69029:29)
    at emitNodeList (tsserver.js:92885:51)
    at emitList (tsserver.js:92764:13)
    at Object.writeList (tsserver.js:90188:13)
    at tsserver.js:115321:29
    at Object.mapToDisplayParts (tsserver.js:103874:13)
    at itemInfoForParameters (tsserver.js:115318:41)
    at getSignatureHelpItem (tsserver.js:115284:95)
    at tsserver.js:115257:79
    at Array.map (<anonymous>)
    at createSignatureHelpItems (tsserver.js:115257:36)
    at tsserver.js:114849:23
    at Object.runWithCancellationToken (tsserver.js:33393:28)
    at Object.getSignatureHelpItems (tsserver.js:114847:32)
    at Proxy.getSignatureHelpItems (tsserver.js:130926:37)
    at IOSession.Session.getSignatureHelpItems (tsserver.js:140489:62)
    at Session.handlers.ts.createMapFromTemplate._a.<computed> (tsserver.js:139415:61)
    at tsserver.js:140929:88
    at IOSession.Session.executeWithRequestId (tsserver.js:140920:28)
    at IOSession.Session.executeCommand (tsserver.js:140929:33)
    at IOSession.Session.onMessage (tsserver.js:140952:35)
    at Interface.<anonymous> (tsserver.js:142267:27)
    at Interface.emit (events.js:200:13)
    at Interface._onLine (readline.js:314:10)
    at Interface._normalWrite (readline.js:459:12)
    at Socket.ondata (readline.js:170:10)
    at Socket.emit (events.js:200:13)
    at addChunk (_stream_readable.js:294:12)
    at readableAddChunk (_stream_readable.js:275:11)
    at Socket.Readable.push (_stream_readable.js:210:10)
    at Pipe.onStreamRead (internal/stream_base_commons.js:166:17)
	at Function.create (/usr/share/code/resources/app/extensions/typescript-language-features/dist/extension.js:1:47388)
	at h.dispatchResponse (/usr/share/code/resources/app/extensions/typescript-language-features/dist/extension.js:1:206557)
	at h.dispatchMessage (/usr/share/code/resources/app/extensions/typescript-language-features/dist/extension.js:1:205455)
	at /usr/share/code/resources/app/extensions/typescript-language-features/dist/extension.js:1:204931
	at l.fire (/usr/share/code/resources/app/out/vs/workbench/services/extensions/node/extensionHostProcess.js:46:893)
	at t.Reader.onLengthData (/usr/share/code/resources/app/extensions/typescript-language-features/dist/extension.js:1:212021)
	at Socket.<anonymous> (/usr/share/code/resources/app/extensions/typescript-language-features/dist/extension.js:1:211669)
	at Socket.emit (events.js:200:13)
	at addChunk (_stream_readable.js:294:12)
	at readableAddChunk (_stream_readable.js:275:11)
	at Socket.Readable.push (_stream_readable.js:210:10)
	at Pipe.onStreamRead (internal/stream_base_commons.js:166:17)
[2020-01-14 22:50:12.374] [renderer1] [error] <semantic> TypeScript Server Error (3.7.3)
Cannot read property 'emitNode' of undefined
TypeError: Cannot read property 'emitNode' of undefined
    at Object.getCommentRange (tsserver.js:69029:29)
    at emitNodeList (tsserver.js:92885:51)
    at emitList (tsserver.js:92764:13)
    at Object.writeList (tsserver.js:90188:13)
    at tsserver.js:115321:29
    at Object.mapToDisplayParts (tsserver.js:103874:13)
    at itemInfoForParameters (tsserver.js:115318:41)
    at getSignatureHelpItem (tsserver.js:115284:95)
    at tsserver.js:115257:79
    at Array.map (<anonymous>)
    at createSignatureHelpItems (tsserver.js:115257:36)
    at tsserver.js:114849:23
    at Object.runWithCancellationToken (tsserver.js:33393:28)
    at Object.getSignatureHelpItems (tsserver.js:114847:32)
    at Proxy.getSignatureHelpItems (tsserver.js:130926:37)
    at IOSession.Session.getSignatureHelpItems (tsserver.js:140489:62)
    at Session.handlers.ts.createMapFromTemplate._a.<computed> (tsserver.js:139415:61)
    at tsserver.js:140929:88
    at IOSession.Session.executeWithRequestId (tsserver.js:140920:28)
    at IOSession.Session.executeCommand (tsserver.js:140929:33)
    at IOSession.Session.onMessage (tsserver.js:140952:35)
    at Interface.<anonymous> (tsserver.js:142267:27)
    at Interface.emit (events.js:200:13)
    at Interface._onLine (readline.js:314:10)
    at Interface._normalWrite (readline.js:459:12)
    at Socket.ondata (readline.js:170:10)
    at Socket.emit (events.js:200:13)
    at addChunk (_stream_readable.js:294:12)
    at readableAddChunk (_stream_readable.js:275:11)
    at Socket.Readable.push (_stream_readable.js:210:10)
    at Pipe.onStreamRead (internal/stream_base_commons.js:166:17): Error: <semantic> TypeScript Server Error (3.7.3)
Cannot read property 'emitNode' of undefined
TypeError: Cannot read property 'emitNode' of undefined
    at Object.getCommentRange (tsserver.js:69029:29)
    at emitNodeList (tsserver.js:92885:51)
    at emitList (tsserver.js:92764:13)
    at Object.writeList (tsserver.js:90188:13)
    at tsserver.js:115321:29
    at Object.mapToDisplayParts (tsserver.js:103874:13)
    at itemInfoForParameters (tsserver.js:115318:41)
    at getSignatureHelpItem (tsserver.js:115284:95)
    at tsserver.js:115257:79
    at Array.map (<anonymous>)
    at createSignatureHelpItems (tsserver.js:115257:36)
    at tsserver.js:114849:23
    at Object.runWithCancellationToken (tsserver.js:33393:28)
    at Object.getSignatureHelpItems (tsserver.js:114847:32)
    at Proxy.getSignatureHelpItems (tsserver.js:130926:37)
    at IOSession.Session.getSignatureHelpItems (tsserver.js:140489:62)
    at Session.handlers.ts.createMapFromTemplate._a.<computed> (tsserver.js:139415:61)
    at tsserver.js:140929:88
    at IOSession.Session.executeWithRequestId (tsserver.js:140920:28)
    at IOSession.Session.executeCommand (tsserver.js:140929:33)
    at IOSession.Session.onMessage (tsserver.js:140952:35)
    at Interface.<anonymous> (tsserver.js:142267:27)
    at Interface.emit (events.js:200:13)
    at Interface._onLine (readline.js:314:10)
    at Interface._normalWrite (readline.js:459:12)
    at Socket.ondata (readline.js:170:10)
    at Socket.emit (events.js:200:13)
    at addChunk (_stream_readable.js:294:12)
    at readableAddChunk (_stream_readable.js:275:11)
    at Socket.Readable.push (_stream_readable.js:210:10)
    at Pipe.onStreamRead (internal/stream_base_commons.js:166:17)
	at Function.create (/usr/share/code/resources/app/extensions/typescript-language-features/dist/extension.js:1:47388)
	at h.dispatchResponse (/usr/share/code/resources/app/extensions/typescript-language-features/dist/extension.js:1:206557)
	at h.dispatchMessage (/usr/share/code/resources/app/extensions/typescript-language-features/dist/extension.js:1:205455)
	at /usr/share/code/resources/app/extensions/typescript-language-features/dist/extension.js:1:204931
	at l.fire (/usr/share/code/resources/app/out/vs/workbench/services/extensions/node/extensionHostProcess.js:46:893)
	at t.Reader.onLengthData (/usr/share/code/resources/app/extensions/typescript-language-features/dist/extension.js:1:212021)
	at Socket.<anonymous> (/usr/share/code/resources/app/extensions/typescript-language-features/dist/extension.js:1:211669)
	at Socket.emit (events.js:200:13)
	at addChunk (_stream_readable.js:294:12)
	at readableAddChunk (_stream_readable.js:275:11)
	at Socket.Readable.push (_stream_readable.js:210:10)
	at Pipe.onStreamRead (internal/stream_base_commons.js:166:17)
[2020-01-14 22:50:21.812] [renderer1] [error] <semantic> TypeScript Server Error (3.7.3)
Cannot read property 'emitNode' of undefined
TypeError: Cannot read property 'emitNode' of undefined
    at Object.getCommentRange (tsserver.js:69029:29)
    at emitNodeList (tsserver.js:92885:51)
    at emitList (tsserver.js:92764:13)
    at Object.writeList (tsserver.js:90188:13)
    at tsserver.js:115321:29
    at Object.mapToDisplayParts (tsserver.js:103874:13)
    at itemInfoForParameters (tsserver.js:115318:41)
    at getSignatureHelpItem (tsserver.js:115284:95)
    at tsserver.js:115257:79
    at Array.map (<anonymous>)
    at createSignatureHelpItems (tsserver.js:115257:36)
    at tsserver.js:114849:23
    at Object.runWithCancellationToken (tsserver.js:33393:28)
    at Object.getSignatureHelpItems (tsserver.js:114847:32)
    at Proxy.getSignatureHelpItems (tsserver.js:130926:37)
    at IOSession.Session.getSignatureHelpItems (tsserver.js:140489:62)
    at Session.handlers.ts.createMapFromTemplate._a.<computed> (tsserver.js:139415:61)
    at tsserver.js:140929:88
    at IOSession.Session.executeWithRequestId (tsserver.js:140920:28)
    at IOSession.Session.executeCommand (tsserver.js:140929:33)
    at IOSession.Session.onMessage (tsserver.js:140952:35)
    at Interface.<anonymous> (tsserver.js:142267:27)
    at Interface.emit (events.js:200:13)
    at Interface._onLine (readline.js:314:10)
    at Interface._normalWrite (readline.js:459:12)
    at Socket.ondata (readline.js:170:10)
    at Socket.emit (events.js:200:13)
    at addChunk (_stream_readable.js:294:12)
    at readableAddChunk (_stream_readable.js:275:11)
    at Socket.Readable.push (_stream_readable.js:210:10)
    at Pipe.onStreamRead (internal/stream_base_commons.js:166:17): Error: <semantic> TypeScript Server Error (3.7.3)
Cannot read property 'emitNode' of undefined
TypeError: Cannot read property 'emitNode' of undefined
    at Object.getCommentRange (tsserver.js:69029:29)
    at emitNodeList (tsserver.js:92885:51)
    at emitList (tsserver.js:92764:13)
    at Object.writeList (tsserver.js:90188:13)
    at tsserver.js:115321:29
    at Object.mapToDisplayParts (tsserver.js:103874:13)
    at itemInfoForParameters (tsserver.js:115318:41)
    at getSignatureHelpItem (tsserver.js:115284:95)
    at tsserver.js:115257:79
    at Array.map (<anonymous>)
    at createSignatureHelpItems (tsserver.js:115257:36)
    at tsserver.js:114849:23
    at Object.runWithCancellationToken (tsserver.js:33393:28)
    at Object.getSignatureHelpItems (tsserver.js:114847:32)
    at Proxy.getSignatureHelpItems (tsserver.js:130926:37)
    at IOSession.Session.getSignatureHelpItems (tsserver.js:140489:62)
    at Session.handlers.ts.createMapFromTemplate._a.<computed> (tsserver.js:139415:61)
    at tsserver.js:140929:88
    at IOSession.Session.executeWithRequestId (tsserver.js:140920:28)
    at IOSession.Session.executeCommand (tsserver.js:140929:33)
    at IOSession.Session.onMessage (tsserver.js:140952:35)
    at Interface.<anonymous> (tsserver.js:142267:27)
    at Interface.emit (events.js:200:13)
    at Interface._onLine (readline.js:314:10)
    at Interface._normalWrite (readline.js:459:12)
    at Socket.ondata (readline.js:170:10)
    at Socket.emit (events.js:200:13)
    at addChunk (_stream_readable.js:294:12)
    at readableAddChunk (_stream_readable.js:275:11)
    at Socket.Readable.push (_stream_readable.js:210:10)
    at Pipe.onStreamRead (internal/stream_base_commons.js:166:17)
	at Function.create (/usr/share/code/resources/app/extensions/typescript-language-features/dist/extension.js:1:47388)
	at h.dispatchResponse (/usr/share/code/resources/app/extensions/typescript-language-features/dist/extension.js:1:206557)
	at h.dispatchMessage (/usr/share/code/resources/app/extensions/typescript-language-features/dist/extension.js:1:205455)
	at /usr/share/code/resources/app/extensions/typescript-language-features/dist/extension.js:1:204931
	at l.fire (/usr/share/code/resources/app/out/vs/workbench/services/extensions/node/extensionHostProcess.js:46:893)
	at t.Reader.onLengthData (/usr/share/code/resources/app/extensions/typescript-language-features/dist/extension.js:1:212021)
	at Socket.<anonymous> (/usr/share/code/resources/app/extensions/typescript-language-features/dist/extension.js:1:211669)
	at Socket.emit (events.js:200:13)
	at addChunk (_stream_readable.js:294:12)
	at readableAddChunk (_stream_readable.js:275:11)
	at Socket.Readable.push (_stream_readable.js:210:10)
	at Pipe.onStreamRead (internal/stream_base_commons.js:166:17)
[2020-01-14 22:50:23.085] [renderer1] [error] <semantic> TypeScript Server Error (3.7.3)
Cannot read property 'emitNode' of undefined
TypeError: Cannot read property 'emitNode' of undefined
    at Object.getCommentRange (tsserver.js:69029:29)
    at emitNodeList (tsserver.js:92885:51)
    at emitList (tsserver.js:92764:13)
    at Object.writeList (tsserver.js:90188:13)
    at tsserver.js:115321:29
    at Object.mapToDisplayParts (tsserver.js:103874:13)
    at itemInfoForParameters (tsserver.js:115318:41)
    at getSignatureHelpItem (tsserver.js:115284:95)
    at tsserver.js:115257:79
    at Array.map (<anonymous>)
    at createSignatureHelpItems (tsserver.js:115257:36)
    at tsserver.js:114849:23
    at Object.runWithCancellationToken (tsserver.js:33393:28)
    at Object.getSignatureHelpItems (tsserver.js:114847:32)
    at Proxy.getSignatureHelpItems (tsserver.js:130926:37)
    at IOSession.Session.getSignatureHelpItems (tsserver.js:140489:62)
    at Session.handlers.ts.createMapFromTemplate._a.<computed> (tsserver.js:139415:61)
    at tsserver.js:140929:88
    at IOSession.Session.executeWithRequestId (tsserver.js:140920:28)
    at IOSession.Session.executeCommand (tsserver.js:140929:33)
    at IOSession.Session.onMessage (tsserver.js:140952:35)
    at Interface.<anonymous> (tsserver.js:142267:27)
    at Interface.emit (events.js:200:13)
    at Interface._onLine (readline.js:314:10)
    at Interface._normalWrite (readline.js:459:12)
    at Socket.ondata (readline.js:170:10)
    at Socket.emit (events.js:200:13)
    at addChunk (_stream_readable.js:294:12)
    at readableAddChunk (_stream_readable.js:275:11)
    at Socket.Readable.push (_stream_readable.js:210:10)
    at Pipe.onStreamRead (internal/stream_base_commons.js:166:17): Error: <semantic> TypeScript Server Error (3.7.3)
Cannot read property 'emitNode' of undefined
TypeError: Cannot read property 'emitNode' of undefined
    at Object.getCommentRange (tsserver.js:69029:29)
    at emitNodeList (tsserver.js:92885:51)
    at emitList (tsserver.js:92764:13)
    at Object.writeList (tsserver.js:90188:13)
    at tsserver.js:115321:29
    at Object.mapToDisplayParts (tsserver.js:103874:13)
    at itemInfoForParameters (tsserver.js:115318:41)
    at getSignatureHelpItem (tsserver.js:115284:95)
    at tsserver.js:115257:79
    at Array.map (<anonymous>)
    at createSignatureHelpItems (tsserver.js:115257:36)
    at tsserver.js:114849:23
    at Object.runWithCancellationToken (tsserver.js:33393:28)
    at Object.getSignatureHelpItems (tsserver.js:114847:32)
    at Proxy.getSignatureHelpItems (tsserver.js:130926:37)
    at IOSession.Session.getSignatureHelpItems (tsserver.js:140489:62)
    at Session.handlers.ts.createMapFromTemplate._a.<computed> (tsserver.js:139415:61)
    at tsserver.js:140929:88
    at IOSession.Session.executeWithRequestId (tsserver.js:140920:28)
    at IOSession.Session.executeCommand (tsserver.js:140929:33)
    at IOSession.Session.onMessage (tsserver.js:140952:35)
    at Interface.<anonymous> (tsserver.js:142267:27)
    at Interface.emit (events.js:200:13)
    at Interface._onLine (readline.js:314:10)
    at Interface._normalWrite (readline.js:459:12)
    at Socket.ondata (readline.js:170:10)
    at Socket.emit (events.js:200:13)
    at addChunk (_stream_readable.js:294:12)
    at readableAddChunk (_stream_readable.js:275:11)
    at Socket.Readable.push (_stream_readable.js:210:10)
    at Pipe.onStreamRead (internal/stream_base_commons.js:166:17)
	at Function.create (/usr/share/code/resources/app/extensions/typescript-language-features/dist/extension.js:1:47388)
	at h.dispatchResponse (/usr/share/code/resources/app/extensions/typescript-language-features/dist/extension.js:1:206557)
	at h.dispatchMessage (/usr/share/code/resources/app/extensions/typescript-language-features/dist/extension.js:1:205455)
	at /usr/share/code/resources/app/extensions/typescript-language-features/dist/extension.js:1:204931
	at l.fire (/usr/share/code/resources/app/out/vs/workbench/services/extensions/node/extensionHostProcess.js:46:893)
	at t.Reader.onLengthData (/usr/share/code/resources/app/extensions/typescript-language-features/dist/extension.js:1:212021)
	at Socket.<anonymous> (/usr/share/code/resources/app/extensions/typescript-language-features/dist/extension.js:1:211669)
	at Socket.emit (events.js:200:13)
	at addChunk (_stream_readable.js:294:12)
	at readableAddChunk (_stream_readable.js:275:11)
	at Socket.Readable.push (_stream_readable.js:210:10)
	at Pipe.onStreamRead (internal/stream_base_commons.js:166:17)
[2020-01-14 22:50:33.505] [renderer1] [error] <semantic> TypeScript Server Error (3.7.3)
Cannot read property 'emitNode' of undefined
TypeError: Cannot read property 'emitNode' of undefined
    at Object.getCommentRange (tsserver.js:69029:29)
    at emitNodeList (tsserver.js:92885:51)
    at emitList (tsserver.js:92764:13)
    at Object.writeList (tsserver.js:90188:13)
    at tsserver.js:115321:29
    at Object.mapToDisplayParts (tsserver.js:103874:13)
    at itemInfoForParameters (tsserver.js:115318:41)
    at getSignatureHelpItem (tsserver.js:115284:95)
    at tsserver.js:115257:79
    at Array.map (<anonymous>)
    at createSignatureHelpItems (tsserver.js:115257:36)
    at tsserver.js:114849:23
    at Object.runWithCancellationToken (tsserver.js:33393:28)
    at Object.getSignatureHelpItems (tsserver.js:114847:32)
    at Proxy.getSignatureHelpItems (tsserver.js:130926:37)
    at IOSession.Session.getSignatureHelpItems (tsserver.js:140489:62)
    at Session.handlers.ts.createMapFromTemplate._a.<computed> (tsserver.js:139415:61)
    at tsserver.js:140929:88
    at IOSession.Session.executeWithRequestId (tsserver.js:140920:28)
    at IOSession.Session.executeCommand (tsserver.js:140929:33)
    at IOSession.Session.onMessage (tsserver.js:140952:35)
    at Interface.<anonymous> (tsserver.js:142267:27)
    at Interface.emit (events.js:200:13)
    at Interface._onLine (readline.js:314:10)
    at Interface._normalWrite (readline.js:459:12)
    at Socket.ondata (readline.js:170:10)
    at Socket.emit (events.js:200:13)
    at addChunk (_stream_readable.js:294:12)
    at readableAddChunk (_stream_readable.js:275:11)
    at Socket.Readable.push (_stream_readable.js:210:10)
    at Pipe.onStreamRead (internal/stream_base_commons.js:166:17): Error: <semantic> TypeScript Server Error (3.7.3)
Cannot read property 'emitNode' of undefined
TypeError: Cannot read property 'emitNode' of undefined
    at Object.getCommentRange (tsserver.js:69029:29)
    at emitNodeList (tsserver.js:92885:51)
    at emitList (tsserver.js:92764:13)
    at Object.writeList (tsserver.js:90188:13)
    at tsserver.js:115321:29
    at Object.mapToDisplayParts (tsserver.js:103874:13)
    at itemInfoForParameters (tsserver.js:115318:41)
    at getSignatureHelpItem (tsserver.js:115284:95)
    at tsserver.js:115257:79
    at Array.map (<anonymous>)
    at createSignatureHelpItems (tsserver.js:115257:36)
    at tsserver.js:114849:23
    at Object.runWithCancellationToken (tsserver.js:33393:28)
    at Object.getSignatureHelpItems (tsserver.js:114847:32)
    at Proxy.getSignatureHelpItems (tsserver.js:130926:37)
    at IOSession.Session.getSignatureHelpItems (tsserver.js:140489:62)
    at Session.handlers.ts.createMapFromTemplate._a.<computed> (tsserver.js:139415:61)
    at tsserver.js:140929:88
    at IOSession.Session.executeWithRequestId (tsserver.js:140920:28)
    at IOSession.Session.executeCommand (tsserver.js:140929:33)
    at IOSession.Session.onMessage (tsserver.js:140952:35)
    at Interface.<anonymous> (tsserver.js:142267:27)
    at Interface.emit (events.js:200:13)
    at Interface._onLine (readline.js:314:10)
    at Interface._normalWrite (readline.js:459:12)
    at Socket.ondata (readline.js:170:10)
    at Socket.emit (events.js:200:13)
    at addChunk (_stream_readable.js:294:12)
    at readableAddChunk (_stream_readable.js:275:11)
    at Socket.Readable.push (_stream_readable.js:210:10)
    at Pipe.onStreamRead (internal/stream_base_commons.js:166:17)
	at Function.create (/usr/share/code/resources/app/extensions/typescript-language-features/dist/extension.js:1:47388)
	at h.dispatchResponse (/usr/share/code/resources/app/extensions/typescript-language-features/dist/extension.js:1:206557)
	at h.dispatchMessage (/usr/share/code/resources/app/extensions/typescript-language-features/dist/extension.js:1:205455)
	at /usr/share/code/resources/app/extensions/typescript-language-features/dist/extension.js:1:204931
	at l.fire (/usr/share/code/resources/app/out/vs/workbench/services/extensions/node/extensionHostProcess.js:46:893)
	at t.Reader.onLengthData (/usr/share/code/resources/app/extensions/typescript-language-features/dist/extension.js:1:212021)
	at Socket.<anonymous> (/usr/share/code/resources/app/extensions/typescript-language-features/dist/extension.js:1:211669)
	at Socket.emit (events.js:200:13)
	at addChunk (_stream_readable.js:294:12)
	at readableAddChunk (_stream_readable.js:275:11)
	at Socket.Readable.push (_stream_readable.js:210:10)
	at Pipe.onStreamRead (internal/stream_base_commons.js:166:17)
[2020-01-15 00:05:31.276] [renderer1] [error] <semantic> TypeScript Server Error (3.7.3)
Cannot read property 'emitNode' of undefined
TypeError: Cannot read property 'emitNode' of undefined
    at Object.getCommentRange (tsserver.js:69029:29)
    at emitNodeList (tsserver.js:92885:51)
    at emitList (tsserver.js:92764:13)
    at Object.writeList (tsserver.js:90188:13)
    at tsserver.js:115321:29
    at Object.mapToDisplayParts (tsserver.js:103874:13)
    at itemInfoForParameters (tsserver.js:115318:41)
    at getSignatureHelpItem (tsserver.js:115284:95)
    at tsserver.js:115257:79
    at Array.map (<anonymous>)
    at createSignatureHelpItems (tsserver.js:115257:36)
    at tsserver.js:114849:23
    at Object.runWithCancellationToken (tsserver.js:33393:28)
    at Object.getSignatureHelpItems (tsserver.js:114847:32)
    at Proxy.getSignatureHelpItems (tsserver.js:130926:37)
    at IOSession.Session.getSignatureHelpItems (tsserver.js:140489:62)
    at Session.handlers.ts.createMapFromTemplate._a.<computed> (tsserver.js:139415:61)
    at tsserver.js:140929:88
    at IOSession.Session.executeWithRequestId (tsserver.js:140920:28)
    at IOSession.Session.executeCommand (tsserver.js:140929:33)
    at IOSession.Session.onMessage (tsserver.js:140952:35)
    at Interface.<anonymous> (tsserver.js:142267:27)
    at Interface.emit (events.js:200:13)
    at Interface._onLine (readline.js:314:10)
    at Interface._normalWrite (readline.js:459:12)
    at Socket.ondata (readline.js:170:10)
    at Socket.emit (events.js:200:13)
    at addChunk (_stream_readable.js:294:12)
    at readableAddChunk (_stream_readable.js:275:11)
    at Socket.Readable.push (_stream_readable.js:210:10)
    at Pipe.onStreamRead (internal/stream_base_commons.js:166:17): Error: <semantic> TypeScript Server Error (3.7.3)
Cannot read property 'emitNode' of undefined
TypeError: Cannot read property 'emitNode' of undefined
    at Object.getCommentRange (tsserver.js:69029:29)
    at emitNodeList (tsserver.js:92885:51)
    at emitList (tsserver.js:92764:13)
    at Object.writeList (tsserver.js:90188:13)
    at tsserver.js:115321:29
    at Object.mapToDisplayParts (tsserver.js:103874:13)
    at itemInfoForParameters (tsserver.js:115318:41)
    at getSignatureHelpItem (tsserver.js:115284:95)
    at tsserver.js:115257:79
    at Array.map (<anonymous>)
    at createSignatureHelpItems (tsserver.js:115257:36)
    at tsserver.js:114849:23
    at Object.runWithCancellationToken (tsserver.js:33393:28)
    at Object.getSignatureHelpItems (tsserver.js:114847:32)
    at Proxy.getSignatureHelpItems (tsserver.js:130926:37)
    at IOSession.Session.getSignatureHelpItems (tsserver.js:140489:62)
    at Session.handlers.ts.createMapFromTemplate._a.<computed> (tsserver.js:139415:61)
    at tsserver.js:140929:88
    at IOSession.Session.executeWithRequestId (tsserver.js:140920:28)
    at IOSession.Session.executeCommand (tsserver.js:140929:33)
    at IOSession.Session.onMessage (tsserver.js:140952:35)
    at Interface.<anonymous> (tsserver.js:142267:27)
    at Interface.emit (events.js:200:13)
    at Interface._onLine (readline.js:314:10)
    at Interface._normalWrite (readline.js:459:12)
    at Socket.ondata (readline.js:170:10)
    at Socket.emit (events.js:200:13)
    at addChunk (_stream_readable.js:294:12)
    at readableAddChunk (_stream_readable.js:275:11)
    at Socket.Readable.push (_stream_readable.js:210:10)
    at Pipe.onStreamRead (internal/stream_base_commons.js:166:17)
	at Function.create (/usr/share/code/resources/app/extensions/typescript-language-features/dist/extension.js:1:47388)
	at h.dispatchResponse (/usr/share/code/resources/app/extensions/typescript-language-features/dist/extension.js:1:206557)
	at h.dispatchMessage (/usr/share/code/resources/app/extensions/typescript-language-features/dist/extension.js:1:205455)
	at /usr/share/code/resources/app/extensions/typescript-language-features/dist/extension.js:1:204931
	at l.fire (/usr/share/code/resources/app/out/vs/workbench/services/extensions/node/extensionHostProcess.js:46:893)
	at t.Reader.onLengthData (/usr/share/code/resources/app/extensions/typescript-language-features/dist/extension.js:1:212021)
	at Socket.<anonymous> (/usr/share/code/resources/app/extensions/typescript-language-features/dist/extension.js:1:211669)
	at Socket.emit (events.js:200:13)
	at addChunk (_stream_readable.js:294:12)
	at readableAddChunk (_stream_readable.js:275:11)
	at Socket.Readable.push (_stream_readable.js:210:10)
	at Pipe.onStreamRead (internal/stream_base_commons.js:166:17)
[2020-01-15 00:05:38.772] [renderer1] [error] <semantic> TypeScript Server Error (3.7.3)
Cannot read property 'emitNode' of undefined
TypeError: Cannot read property 'emitNode' of undefined
    at Object.getCommentRange (tsserver.js:69029:29)
    at emitNodeList (tsserver.js:92885:51)
    at emitList (tsserver.js:92764:13)
    at Object.writeList (tsserver.js:90188:13)
    at tsserver.js:115321:29
    at Object.mapToDisplayParts (tsserver.js:103874:13)
    at itemInfoForParameters (tsserver.js:115318:41)
    at getSignatureHelpItem (tsserver.js:115284:95)
    at tsserver.js:115257:79
    at Array.map (<anonymous>)
    at createSignatureHelpItems (tsserver.js:115257:36)
    at tsserver.js:114849:23
    at Object.runWithCancellationToken (tsserver.js:33393:28)
    at Object.getSignatureHelpItems (tsserver.js:114847:32)
    at Proxy.getSignatureHelpItems (tsserver.js:130926:37)
    at IOSession.Session.getSignatureHelpItems (tsserver.js:140489:62)
    at Session.handlers.ts.createMapFromTemplate._a.<computed> (tsserver.js:139415:61)
    at tsserver.js:140929:88
    at IOSession.Session.executeWithRequestId (tsserver.js:140920:28)
    at IOSession.Session.executeCommand (tsserver.js:140929:33)
    at IOSession.Session.onMessage (tsserver.js:140952:35)
    at Interface.<anonymous> (tsserver.js:142267:27)
    at Interface.emit (events.js:200:13)
    at Interface._onLine (readline.js:314:10)
    at Interface._normalWrite (readline.js:459:12)
    at Socket.ondata (readline.js:170:10)
    at Socket.emit (events.js:200:13)
    at addChunk (_stream_readable.js:294:12)
    at readableAddChunk (_stream_readable.js:275:11)
    at Socket.Readable.push (_stream_readable.js:210:10)
    at Pipe.onStreamRead (internal/stream_base_commons.js:166:17): Error: <semantic> TypeScript Server Error (3.7.3)
Cannot read property 'emitNode' of undefined
TypeError: Cannot read property 'emitNode' of undefined
    at Object.getCommentRange (tsserver.js:69029:29)
    at emitNodeList (tsserver.js:92885:51)
    at emitList (tsserver.js:92764:13)
    at Object.writeList (tsserver.js:90188:13)
    at tsserver.js:115321:29
    at Object.mapToDisplayParts (tsserver.js:103874:13)
    at itemInfoForParameters (tsserver.js:115318:41)
    at getSignatureHelpItem (tsserver.js:115284:95)
    at tsserver.js:115257:79
    at Array.map (<anonymous>)
    at createSignatureHelpItems (tsserver.js:115257:36)
    at tsserver.js:114849:23
    at Object.runWithCancellationToken (tsserver.js:33393:28)
    at Object.getSignatureHelpItems (tsserver.js:114847:32)
    at Proxy.getSignatureHelpItems (tsserver.js:130926:37)
    at IOSession.Session.getSignatureHelpItems (tsserver.js:140489:62)
    at Session.handlers.ts.createMapFromTemplate._a.<computed> (tsserver.js:139415:61)
    at tsserver.js:140929:88
    at IOSession.Session.executeWithRequestId (tsserver.js:140920:28)
    at IOSession.Session.executeCommand (tsserver.js:140929:33)
    at IOSession.Session.onMessage (tsserver.js:140952:35)
    at Interface.<anonymous> (tsserver.js:142267:27)
    at Interface.emit (events.js:200:13)
    at Interface._onLine (readline.js:314:10)
    at Interface._normalWrite (readline.js:459:12)
    at Socket.ondata (readline.js:170:10)
    at Socket.emit (events.js:200:13)
    at addChunk (_stream_readable.js:294:12)
    at readableAddChunk (_stream_readable.js:275:11)
    at Socket.Readable.push (_stream_readable.js:210:10)
    at Pipe.onStreamRead (internal/stream_base_commons.js:166:17)
	at Function.create (/usr/share/code/resources/app/extensions/typescript-language-features/dist/extension.js:1:47388)
	at h.dispatchResponse (/usr/share/code/resources/app/extensions/typescript-language-features/dist/extension.js:1:206557)
	at h.dispatchMessage (/usr/share/code/resources/app/extensions/typescript-language-features/dist/extension.js:1:205455)
	at /usr/share/code/resources/app/extensions/typescript-language-features/dist/extension.js:1:204931
	at l.fire (/usr/share/code/resources/app/out/vs/workbench/services/extensions/node/extensionHostProcess.js:46:893)
	at t.Reader.onLengthData (/usr/share/code/resources/app/extensions/typescript-language-features/dist/extension.js:1:212021)
	at Socket.<anonymous> (/usr/share/code/resources/app/extensions/typescript-language-features/dist/extension.js:1:211669)
	at Socket.emit (events.js:200:13)
	at addChunk (_stream_readable.js:294:12)
	at readableAddChunk (_stream_readable.js:275:11)
	at Socket.Readable.push (_stream_readable.js:210:10)
	at Pipe.onStreamRead (internal/stream_base_commons.js:166:17)
[2020-01-15 00:10:57.822] [renderer1] [error] <semantic> TypeScript Server Error (3.7.3)
Debug Failure. False expression: Changes overlap
Verbose Debug Information: {"pos":71,"end":1157} and {"pos":153,"end":161}
Error: Debug Failure. False expression: Changes overlap
Verbose Debug Information: {"pos":71,"end":1157} and {"pos":153,"end":161}
    at _loop_10 (tsserver.js:119874:34)
    at tsserver.js:119880:25
    at Array.map (<anonymous>)
    at Object.getTextChangesFromChanges (tsserver.js:119868:86)
    at ChangeTracker.getChanges (tsserver.js:119838:45)
    at Function.ChangeTracker.with (tsserver.js:119360:32)
    at Object.getCodeActions (tsserver.js:122817:64)
    at tsserver.js:120400:121
    at Object.flatMap (tsserver.js:468:25)
    at Object.getFixes (tsserver.js:120400:23)
    at tsserver.js:131083:35
    at Object.flatMap (tsserver.js:468:25)
    at Object.getCodeFixesAtPosition (tsserver.js:131081:23)
    at Proxy.<anonymous> (/home/luis/.vscode/extensions/jpoissonnier.vscode-styled-components-0.0.28/node_modules/typescript-template-language-service-decorator/lib/template-language-service-decorator.js:144:20)
    at IOSession.Session.getCodeFixes (tsserver.js:140736:64)
    at Session.handlers.ts.createMapFromTemplate._a.<computed> (tsserver.js:139521:61)
    at tsserver.js:140929:88
    at IOSession.Session.executeWithRequestId (tsserver.js:140920:28)
    at IOSession.Session.executeCommand (tsserver.js:140929:33)
    at IOSession.Session.onMessage (tsserver.js:140952:35)
    at Interface.<anonymous> (tsserver.js:142267:27)
    at Interface.emit (events.js:200:13)
    at Interface._onLine (readline.js:314:10)
    at Interface._normalWrite (readline.js:459:12)
    at Socket.ondata (readline.js:170:10)
    at Socket.emit (events.js:200:13)
    at addChunk (_stream_readable.js:294:12)
    at readableAddChunk (_stream_readable.js:275:11)
    at Socket.Readable.push (_stream_readable.js:210:10)
    at Pipe.onStreamRead (internal/stream_base_commons.js:166:17): Error: <semantic> TypeScript Server Error (3.7.3)
Debug Failure. False expression: Changes overlap
Verbose Debug Information: {"pos":71,"end":1157} and {"pos":153,"end":161}
Error: Debug Failure. False expression: Changes overlap
Verbose Debug Information: {"pos":71,"end":1157} and {"pos":153,"end":161}
    at _loop_10 (tsserver.js:119874:34)
    at tsserver.js:119880:25
    at Array.map (<anonymous>)
    at Object.getTextChangesFromChanges (tsserver.js:119868:86)
    at ChangeTracker.getChanges (tsserver.js:119838:45)
    at Function.ChangeTracker.with (tsserver.js:119360:32)
    at Object.getCodeActions (tsserver.js:122817:64)
    at tsserver.js:120400:121
    at Object.flatMap (tsserver.js:468:25)
    at Object.getFixes (tsserver.js:120400:23)
    at tsserver.js:131083:35
    at Object.flatMap (tsserver.js:468:25)
    at Object.getCodeFixesAtPosition (tsserver.js:131081:23)
    at Proxy.<anonymous> (/home/luis/.vscode/extensions/jpoissonnier.vscode-styled-components-0.0.28/node_modules/typescript-template-language-service-decorator/lib/template-language-service-decorator.js:144:20)
    at IOSession.Session.getCodeFixes (tsserver.js:140736:64)
    at Session.handlers.ts.createMapFromTemplate._a.<computed> (tsserver.js:139521:61)
    at tsserver.js:140929:88
    at IOSession.Session.executeWithRequestId (tsserver.js:140920:28)
    at IOSession.Session.executeCommand (tsserver.js:140929:33)
    at IOSession.Session.onMessage (tsserver.js:140952:35)
    at Interface.<anonymous> (tsserver.js:142267:27)
    at Interface.emit (events.js:200:13)
    at Interface._onLine (readline.js:314:10)
    at Interface._normalWrite (readline.js:459:12)
    at Socket.ondata (readline.js:170:10)
    at Socket.emit (events.js:200:13)
    at addChunk (_stream_readable.js:294:12)
    at readableAddChunk (_stream_readable.js:275:11)
    at Socket.Readable.push (_stream_readable.js:210:10)
    at Pipe.onStreamRead (internal/stream_base_commons.js:166:17)
	at Function.create (/usr/share/code/resources/app/extensions/typescript-language-features/dist/extension.js:1:47388)
	at h.dispatchResponse (/usr/share/code/resources/app/extensions/typescript-language-features/dist/extension.js:1:206557)
	at h.dispatchMessage (/usr/share/code/resources/app/extensions/typescript-language-features/dist/extension.js:1:205455)
	at /usr/share/code/resources/app/extensions/typescript-language-features/dist/extension.js:1:204931
	at l.fire (/usr/share/code/resources/app/out/vs/workbench/services/extensions/node/extensionHostProcess.js:46:893)
	at t.Reader.onLengthData (/usr/share/code/resources/app/extensions/typescript-language-features/dist/extension.js:1:212021)
	at Socket.<anonymous> (/usr/share/code/resources/app/extensions/typescript-language-features/dist/extension.js:1:211669)
	at Socket.emit (events.js:200:13)
	at addChunk (_stream_readable.js:294:12)
	at readableAddChunk (_stream_readable.js:275:11)
	at Socket.Readable.push (_stream_readable.js:210:10)
	at Pipe.onStreamRead (internal/stream_base_commons.js:166:17)
