Initializing document watcher...
Semana-OmniStack10/web/src/services/api.js: {}
Semana-OmniStack10/web/src/services/api.js: {}
Semana-OmniStack10/web/src/services/api.js: Using EditorConfig core...
Semana-OmniStack10/web/src/App.js: {}
Semana-OmniStack10/web/src/App.js: {}
Semana-OmniStack10/web/src/App.js: {}
Semana-OmniStack10/web/src/App.js: Using EditorConfig core...
Semana-OmniStack10/web/src/App.js: {}
Semana-OmniStack10/web/src/App.js: Using EditorConfig core...
Semana-OmniStack10/web/src/App.js: {}
Semana-OmniStack10/web/src/App.js: Using EditorConfig core...
Semana-OmniStack10/web/src/App.js: Using EditorConfig core...
Semana-OmniStack10/web/src/App.js: {}
Semana-OmniStack10/web/src/App.js: {}
Semana-OmniStack10/web/src/App.js: {}
Semana-OmniStack10/web/src/App.js: {}
Semana-OmniStack10/web/src/App.js: {}
Semana-OmniStack10/web/src/App.js: Using EditorConfig core...
Semana-OmniStack10/web/src/sidebar.css: {}
Semana-OmniStack10/web/src/App.js: {}
Semana-OmniStack10/web/src/sidebar.css: {}
Semana-OmniStack10/web/src/sidebar.css: {}
Semana-OmniStack10/web/src/sidebar.css: {}
Semana-OmniStack10/web/src/App.js: {}
Semana-OmniStack10/web/src/App.js: Using EditorConfig core...
Semana-OmniStack10/web/src/App.js: Using EditorConfig core...
Semana-OmniStack10/web/src/App.js: Using EditorConfig core...
Semana-OmniStack10/web/src/App.js: {}
Semana-OmniStack10/web/src/App.js: {}
Semana-OmniStack10/web/src/global.css: {}
Semana-OmniStack10/web/src/global.css: {}
Semana-OmniStack10/web/src/global.css: {}
Semana-OmniStack10/web/src/app.css: {}
Semana-OmniStack10/web/src/app.css: {}
Semana-OmniStack10/web/src/sidebar.css: {}
Semana-OmniStack10/web/src/sidebar.css: {}
Semana-OmniStack10/web/src/App.js: {}
Semana-OmniStack10/web/src/main.css: {}
Semana-OmniStack10/web/src/main.css: Using EditorConfig core...
Semana-OmniStack10/web/src/main.css: {}
Semana-OmniStack10/web/src/main.css: {}
Semana-OmniStack10/web/src/main.css: {}
Semana-OmniStack10/web/src/main.css: {}
Semana-OmniStack10/web/src/main.css: {}
Semana-OmniStack10/web/src/main.css: {}
Semana-OmniStack10/web/src/main.css: Using EditorConfig core...
Semana-OmniStack10/web/src/main.css: Using EditorConfig core...
Semana-OmniStack10/web/src/main.css: {}
Semana-OmniStack10/web/src/main.css: {}
Semana-OmniStack10/web/src/main.css: {}
Semana-OmniStack10/web/src/main.css: {}
Semana-OmniStack10/web/src/App.js: {}
Semana-OmniStack10/web/src/main.css: {}
Semana-OmniStack10/web/src/main.css: Using EditorConfig core...
Semana-OmniStack10/web/src/main.css: {}
Semana-OmniStack10/web/src/main.css: {}
Semana-OmniStack10/web/src/main.css: Using EditorConfig core...
Semana-OmniStack10/web/src/main.css: {}
Semana-OmniStack10/web/src/main.css: Using EditorConfig core...
Semana-OmniStack10/web/src/main.css: Using EditorConfig core...
Semana-OmniStack10/web/src/main.css: Using EditorConfig core...
Semana-OmniStack10/web/src/main.css: Using EditorConfig core...
Semana-OmniStack10/web/src/main.css: {}
Semana-OmniStack10/web/src/main.css: Using EditorConfig core...
Semana-OmniStack10/web/src/main.css: {}
Semana-OmniStack10/web/src/main.css: {}
Semana-OmniStack10/web/src/main.css: Using EditorConfig core...
Semana-OmniStack10/web/src/main.css: Using EditorConfig core...
Semana-OmniStack10/web/src/main.css: Using EditorConfig core...
Semana-OmniStack10/web/src/main.css: Using EditorConfig core...
Semana-OmniStack10/web/src/main.css: Using EditorConfig core...
Semana-OmniStack10/web/src/main.css: Using EditorConfig core...
Semana-OmniStack10/web/src/main.css: Using EditorConfig core...
Semana-OmniStack10/web/src/main.css: {}
Semana-OmniStack10/web/src/main.css: Using EditorConfig core...
Semana-OmniStack10/web/src/main.css: {}
Semana-OmniStack10/web/src/main.css: Using EditorConfig core...
Semana-OmniStack10/web/src/main.css: Using EditorConfig core...
Semana-OmniStack10/web/src/main.css: Using EditorConfig core...
Semana-OmniStack10/web/src/main.css: {}
Semana-OmniStack10/web/src/main.css: Using EditorConfig core...
Semana-OmniStack10/web/src/main.css: Using EditorConfig core...
Semana-OmniStack10/web/src/main.css: Using EditorConfig core...
Semana-OmniStack10/web/src/main.css: Using EditorConfig core...
Semana-OmniStack10/web/src/main.css: Using EditorConfig core...
Semana-OmniStack10/web/src/main.css: {}
Semana-OmniStack10/web/src/main.css: {}
Semana-OmniStack10/web/src/main.css: Using EditorConfig core...
Semana-OmniStack10/web/src/main.css: Using EditorConfig core...
Semana-OmniStack10/web/src/App.js: {}
Semana-OmniStack10/web/src/App.js: Using EditorConfig core...
Semana-OmniStack10/web/src/App.js: Using EditorConfig core...
Semana-OmniStack10/web/src/main.css: {}
Semana-OmniStack10/web/src/main.css: Using EditorConfig core...
Semana-OmniStack10/web/src/main.css: Using EditorConfig core...
Semana-OmniStack10/web/src/main.css: {}
Semana-OmniStack10/web/src/main.css: {}
Semana-OmniStack10/web/src/App.js: {}
Semana-OmniStack10/backend/src/index.js: {}
Semana-OmniStack10/backend/src/index.js: Using EditorConfig core...
