Initializing document watcher...
backend/package.json: {}
backend/package.json: {}
backend/package.json: {}
backend/package.json: {}
backend/index.js: {}
backend/index.js: {}
backend/index.js: {}
backend/index.js: {}
backend/index.js: Using EditorConfig core...
backend/index.js: Using EditorConfig core...
backend/index.js: {}
backend/index.js: Using EditorConfig core...
backend/index.js: {}
backend/index.js: Using EditorConfig core...
backend/index.js: {}
backend/index.js: {}
backend/index.js: {}
backend/package.json: {}
backend/package.json: {}
backend/package.json: {}
backend/index.js: {}
backend/index.js: Using EditorConfig core...
backend/index.js: {}
backend/index.js: Using EditorConfig core...
backend/index.js: {}
backend/package.json: {}
backend/package.json: Using EditorConfig core...
backend/package.json: Using EditorConfig core...
backend/package.json: {}
backend/index.js: {}
backend/index.js: {}
backend/index.js: Using EditorConfig core...
backend/index.js: {}
backend/index.js: Using EditorConfig core...
backend/index.js: {}
backend/index.js: {}
backend/index.js: {}
backend/index.js: {}
backend/index.js: Using EditorConfig core...
backend/index.js: {}
backend/index.js: Using EditorConfig core...
backend/index.js: {}
backend/index.js: Using EditorConfig core...
backend/index.js: {}
backend/index.js: Using EditorConfig core...
backend/index.js: {}
backend/index.js: Using EditorConfig core...
backend/index.js: {}
backend/index.js: {}
backend/index.js: Using EditorConfig core...
backend/index.js: {}
backend/index.js: Using EditorConfig core...
backend/index.js: {}
backend/index.js: {}
backend/index.js: Using EditorConfig core...
backend/index.js: {}
backend/index.js: {}
backend/index.js: Using EditorConfig core...
backend/index.js: Using EditorConfig core...
backend/index.js: {}
backend/index.js: {}
backend/index.js: Using EditorConfig core...
backend/index.js: {}
backend/index.js: {}
backend/index.js: {}
backend/index.js: Using EditorConfig core...
backend/index.js: {}
backend/index.js: Using EditorConfig core...
backend/index.js: {}
backend/index.js: Using EditorConfig core...
backend/index.js: Using EditorConfig core...
backend/index.js: {}
backend/index.js: {}
backend/index.js: Using EditorConfig core...
backend/index.js: {}
backend/package.json: {}
backend/index.js: {}
No more open editors.
backend/src/index.js: {}
backend/package.json: {}
backend/package.json: Using EditorConfig core...
backend/package.json: Using EditorConfig core...
backend/package.json: {}
backend/src/routes.js: {}
backend/src/routes.js: {}
backend/src/routes.js: Using EditorConfig core...
backend/src/index.js: {}
backend/src/index.js: {}
backend/src/index.js: Using EditorConfig core...
backend/package.json: {}
backend/src/index.js: {}
backend/src/routes.js: {}
backend/src/routes.js: {}
backend/src/routes.js: {}
backend/src/routes.js: Using EditorConfig core...
backend/src/routes.js: {}
backend/src/index.js: {}
backend/src/index.js: Using EditorConfig core...
backend/src/index.js: Using EditorConfig core...
backend/src/index.js: {}
backend/src/index.js: Using EditorConfig core...
backend/src/routes.js: {}
backend/src/routes.js: Using EditorConfig core...
backend/src/routes.js: {}
backend/src/index.js: {}
backend/src/routes.js: {}
backend/src/routes.js: Using EditorConfig core...
backend/src/routes.js: {}
backend/src/routes.js: {}
backend/src/routes.js: Using EditorConfig core...
backend/src/routes.js: {}
backend/src/routes.js: {}
backend/src/routes.js: Using EditorConfig core...
backend/src/routes.js: {}
backend/src/routes.js: {}
backend/src/routes.js: {}
backend/src/index.js: {}
backend/src/index.js: {}
backend/src/index.js: Using EditorConfig core...
backend/src/index.js: {}
backend/src/index.js: {}
backend/src/index.js: {}
backend/src/index.js: {}
backend/src/index.js: {}
backend/package.json: {}
backend/src/index.js: {}
backend/src/index.js: {}
backend/src/routes.js: {}
backend/src/routes.js: {}
backend/src/routes.js: {}
backend/src/routes.js: Using EditorConfig core...
backend/src/routes.js: {}
backend/src/index.js: {}
backend/src/index.js: {}
backend/src/routes.js: {}
backend/src/index.js: {}
backend/src/index.js: {}
backend/src/index.js: {}
backend/src/index.js: Using EditorConfig core...
backend/src/index.js: {}
backend/src/index.js: {}
backend/src/index.js: Using EditorConfig core...
backend/src/index.js: {}
backend/src/index.js: Using EditorConfig core...
backend/src/index.js: {}
backend/src/index.js: {}
backend/package.json: {}
backend/package.json: Using EditorConfig core...
backend/src/index.js: {}
backend/src/index.js: {}
backend/src/index.js: {}
backend/package.json: {}
backend/src/routes.js: {}
backend/src/routes.js: Using EditorConfig core...
backend/src/routes.js: {}
backend/src/routes.js: Using EditorConfig core...
backend/src/routes.js: {}
backend/src/routes.js: {}
backend/src/routes.js: {}
backend/src/index.js: {}
backend/src/index.js: Using EditorConfig core...
backend/src/index.js: {}
backend/src/index.js: Using EditorConfig core...
backend/src/index.js: {}
backend/src/routes.js: {}
backend/src/routes.js: Using EditorConfig core...
backend/src/routes.js: {}
backend/src/routes.js: {}
backend/src/routes.js: {}
backend/src/routes.js: {}
backend/src/routes.js: Using EditorConfig core...
backend/src/routes.js: Using EditorConfig core...
backend/src/routes.js: {}
backend/src/routes.js: Using EditorConfig core...
backend/src/routes.js: {}
backend/src/routes.js: {}
backend/src/routes.js: Using EditorConfig core...
backend/src/routes.js: {}
backend/src/routes.js: {}
backend/src/routes.js: Using EditorConfig core...
backend/src/routes.js: {}
backend/src/models/dev.js: {}
backend/src/models/dev.js: {}
backend/src/models/dev.js: Using EditorConfig core...
backend/src/models/dev.js: {}
backend/src/models/dev.js: Using EditorConfig core...
backend/src/models/dev.js: {}
backend/src/models/dev.js: {}
backend/src/models/dev.js: {}
backend/src/models/dev.js: {}
backend/src/models/dev.js: {}
backend/src/models/dev.js: {}
backend/src/routes.js: {}
backend/src/routes.js: Using EditorConfig core...
backend/src/routes.js: {}
backend/src/routes.js: Using EditorConfig core...
backend/src/routes.js: {}
backend/src/routes.js: {}
backend/src/routes.js: {}
backend/src/models/dev.js: {}
backend/src/models/dev.js: {}
backend/src/routes.js: {}
backend/src/routes.js: Using EditorConfig core...
backend/src/routes.js: {}
backend/src/routes.js: Using EditorConfig core...
backend/src/routes.js: Using EditorConfig core...
backend/src/routes.js: {}
backend/src/routes.js: {}
backend/src/routes.js: Using EditorConfig core...
backend/src/routes.js: {}
backend/src/routes.js: {}
backend/src/routes.js: Using EditorConfig core...
backend/src/routes.js: Using EditorConfig core...
backend/src/routes.js: Using EditorConfig core...
backend/src/routes.js: {}
backend/src/routes.js: Using EditorConfig core...
backend/src/routes.js: Using EditorConfig core...
backend/src/routes.js: {}
backend/src/routes.js: Using EditorConfig core...
backend/src/routes.js: {}
backend/src/routes.js: {}
backend/src/routes.js: Using EditorConfig core...
backend/src/routes.js: Using EditorConfig core...
backend/src/routes.js: {}
backend/src/routes.js: {}
backend/src/routes.js: {}
backend/src/routes.js: {}
backend/src/routes.js: {}
backend/src/routes.js: Using EditorConfig core...
backend/src/routes.js: Using EditorConfig core...
backend/src/routes.js: {}
backend/src/routes.js: {}
backend/src/routes.js: {}
backend/src/routes.js: Using EditorConfig core...
backend/src/routes.js: {}
backend/src/routes.js: Using EditorConfig core...
backend/src/routes.js: {}
backend/src/routes.js: Using EditorConfig core...
backend/src/routes.js: Using EditorConfig core...
backend/src/routes.js: {}
backend/src/routes.js: {}
backend/src/routes.js: {}
backend/src/routes.js: {}
backend/src/routes.js: {}
backend/src/models/utils/PointSchemas.js: {}
backend/src/models/utils/PointSchemas.js: {}
backend/src/models/utils/PointSchemas.js: {}
backend/src/models/utils/PointSchemas.js: {}
backend/src/models/utils/PointSchemas.js: Using EditorConfig core...
backend/src/models/utils/PointSchemas.js: {}
backend/src/routes.js: {}
backend/src/index.js: {}
backend/src/models/dev.js: {}
backend/src/models/dev.js: {}
backend/src/models/dev.js: {}
backend/src/models/dev.js: Using EditorConfig core...
backend/src/models/dev.js: {}
backend/src/models/dev.js: {}
backend/src/routes.js: {}
backend/src/routes.js: Using EditorConfig core...
backend/src/routes.js: {}
backend/src/routes.js: {}
backend/src/routes.js: Using EditorConfig core...
backend/src/routes.js: {}
backend/src/routes.js: {}
backend/src/routes.js: {}
backend/src/routes.js: {}
backend/src/models/utils/PointSchemas.js: {}
backend/src/models/utils/PointSchemas.js: {}
backend/src/models/dev.js: {}
backend/src/models/dev.js: {}
backend/src/models/dev.js: Using EditorConfig core...
backend/src/models/dev.js: {}
backend/src/models/dev.js: {}
backend/src/models/dev.js: Using EditorConfig core...
backend/src/models/dev.js: {}
backend/src/models/dev.js: {}
backend/src/routes.js: {}
backend/src/routes.js: {}
backend/src/routes.js: {}
backend/src/routes.js: {}
backend/src/routes.js: {}
backend/src/routes.js: {}
backend/src/models/dev.js: {}
backend/src/models/utils/PointSchemas.js: {}
backend/src/models/utils/PointSchemas.js: {}
backend/src/models/utils/PointSchemas.js: {}
backend/src/models/utils/PointSchemas.js: {}
backend/src/models/utils/PointSchemas.js: {}
backend/src/models/dev.js: {}
backend/src/models/dev.js: {}
backend/src/models/dev.js: Using EditorConfig core...
backend/src/models/dev.js: {}
backend/src/models/dev.js: Using EditorConfig core...
backend/src/models/dev.js: {}
backend/src/models/utils/PointSchemas.js: {}
backend/src/models/utils/PointSchema.js: {}
backend/src/models/utils/PointSchema.js: {}
backend/src/models/utils/PointSchema.js: Using EditorConfig core...
backend/src/routes.js: {}
backend/src/routes.js: Using EditorConfig core...
backend/src/models/dev.js: Using EditorConfig core...
backend/src/models/utils/PointSchema.js: {}
backend/src/models/dev.js: {}
backend/src/models/dev.js: {}
backend/src/models/dev.js: Using EditorConfig core...
backend/src/routes.js: {}
backend/src/routes.js: {}
backend/src/routes.js: {}
backend/src/routes.js: Using EditorConfig core...
backend/src/routes.js: {}
backend/src/routes.js: {}
backend/src/routes.js: Using EditorConfig core...
backend/src/routes.js: {}
backend/src/controllers/DevController.js: {}
backend/src/controllers/DevController.js: {}
backend/src/models/utils/PointSchema.js: {}
backend/src/controllers/DevController.js: {}
backend/src/routes.js: {}
backend/src/controllers/DevController.js: {}
backend/src/controllers/DevController.js: Using EditorConfig core...
backend/src/controllers/DevController.js: {}
backend/src/controllers/DevController.js: {}
backend/src/controllers/DevController.js: Using EditorConfig core...
backend/src/controllers/DevController.js: {}
backend/src/routes.js: {}
backend/src/controllers/DevController.js: {}
backend/src/controllers/DevController.js: Using EditorConfig core...
backend/src/controllers/DevController.js: {}
backend/src/controllers/DevController.js: Using EditorConfig core...
backend/src/controllers/DevController.js: {}
backend/src/routes.js: {}
backend/src/routes.js: Using EditorConfig core...
backend/src/routes.js: {}
backend/src/routes.js: {}
backend/src/routes.js: {}
backend/src/controllers/DevController.js: {}
backend/src/controllers/DevController.js: Using EditorConfig core...
backend/src/controllers/DevController.js: {}
backend/src/controllers/DevController.js: Using EditorConfig core...
backend/src/controllers/DevController.js: {}
backend/src/controllers/DevController.js: Using EditorConfig core...
backend/src/controllers/DevController.js: Using EditorConfig core...
backend/src/controllers/DevController.js: {}
backend/src/controllers/DevController.js: Using EditorConfig core...
backend/src/controllers/DevController.js: {}
backend/src/routes.js: {}
backend/src/routes.js: Using EditorConfig core...
backend/src/routes.js: {}
backend/src/routes.js: {}
backend/src/controllers/DevController.js: {}
backend/src/controllers/DevController.js: Using EditorConfig core...
backend/src/controllers/DevController.js: {}
backend/src/controllers/DevController.js: Using EditorConfig core...
backend/src/controllers/DevController.js: {}
backend/src/controllers/DevController.js: {}
backend/src/controllers/SearchController.js: {}
backend/src/controllers/SearchController.js: {}
backend/src/controllers/DevController.js: {}
backend/src/controllers/SearchController.js: {}
backend/src/controllers/SearchController.js: Using EditorConfig core...
backend/src/controllers/SearchController.js: {}
backend/src/routes.js: {}
backend/src/routes.js: {}
backend/src/routes.js: {}
backend/src/routes.js: Using EditorConfig core...
backend/src/routes.js: {}
backend/src/routes.js: {}
backend/src/controllers/SearchController.js: {}
backend/src/controllers/SearchController.js: Using EditorConfig core...
backend/src/controllers/SearchController.js: {}
backend/src/controllers/SearchController.js: {}
backend/src/utils/ParseStringAsArray.js: {}
backend/src/utils/ParseStringAsArray.js: {}
backend/src/utils/ParseStringAsArray.js: {}
backend/src/utils/ParseStringAsArray.js: Using EditorConfig core...
backend/src/utils/ParseStringAsArray.js: {}
